[30/Nov/2009:17:52:41 -0600] access to /favicon.ico failed for 0:0:0:0:0:FFFF:7F00:1 reason: 
"httpd_file: Can't accesswww/favicon.ico"
[30/Nov/2009:17:53:37 -0600] access to /favicon.ico failed for 0:0:0:0:0:FFFF:7F00:1 reason: 
"httpd_file: Can't accesswww/favicon.ico"
[30/Nov/2009:17:53:39 -0600] access to /favicon.ico failed for 0:0:0:0:0:FFFF:7F00:1 reason: 
"httpd_file: Can't accesswww/favicon.ico"
[30/Nov/2009:17:53:43 -0600] access to /favicon.ico failed for 0:0:0:0:0:FFFF:7F00:1 reason: 
"httpd_file: Can't accesswww/favicon.ico"
[30/Nov/2009:17:54:48 -0600] access to /favicon.ico failed for 0:0:0:0:0:FFFF:7F00:1 reason: 
"httpd_file: Can't accesswww/favicon.ico"
[30/Nov/2009:18:03:53 -0600] access to /favicon.ico failed for 0:0:0:0:0:FFFF:7F00:1 reason: 
"httpd_file: Can't accesswww/favicon.ico"
[30/Nov/2009:18:03:56 -0600] access to /favicon.ico failed for 0:0:0:0:0:FFFF:7F00:1 reason: 
"httpd_file: Can't accesswww/favicon.ico"
[30/Nov/2009:18:04:14 -0600] access to /favicon.ico failed for 0:0:0:0:0:FFFF:7F00:1 reason: 
"httpd_file: Can't accesswww/favicon.ico"
[30/Nov/2009:18:04:16 -0600] access to /favicon.ico failed for 0:0:0:0:0:FFFF:7F00:1 reason: 
"httpd_file: Can't accesswww/favicon.ico"
[30/Nov/2009:18:18:00 -0600] server crash for 0:0:0:0:0:FFFF:7F00:1, reason: 
"Error reading request:No request received on keep-alive connectionbefore server side timeout"

[30/Nov/2009:18:18:08 -0600] server crash for 0:0:0:0:0:FFFF:7F00:1, reason: 
"Error reading request:No request received on keep-alive connectionbefore server side timeout"

[30/Nov/2009:18:56:05 -0600] access to /favicon.ico failed for 0:0:0:0:0:FFFF:7F00:1 reason: 
"httpd_file: Can't accesswww/favicon.ico"
[30/Nov/2009:18:56:07 -0600] access to /favicon.ico failed for 0:0:0:0:0:FFFF:7F00:1 reason: 
"httpd_file: Can't accesswww/favicon.ico"
[30/Nov/2009:18:57:14 -0600], traverse exit from apply: mod_esi:do => 
{badarg,
    [{erlang,iolist_size,
         [[60,104,116,109,108,62,60,98,111,100,121,62,72,101,108,108,111,44,
           32,87,111,114,108,100,50,33,60,47,98,111,100,121,62,60,47,104,116,
           109,108,62,13,10,
           {server_software,"inets/5.0.12"},
           {server_name,"micahcopple"},
           {gateway_interface,"CGI/1.1"},
           {server_protocol,"HTTP/1.1"},
           {server_port,8081},
           {request_method,"GET"},
           {remote_addr,"0:0:0:0:0:FFFF:7F00:1"},
           {script_name,"/erl/monitor:service"},
           {http_user_agent,
               "Opera/9.80 (X11; Linux i686; U; en) Presto/2.2.15 Version/10.00"},
           {http_host,"localhost:8081"},
           {http_accept,
               "text/html, application/xml;q=0.9, application/xhtml+xml, image/png, image/jpeg, image/gif, image/x-xbitmap, */*;q=0.1"},
           {http_accept_language,"en"},
           {http_accept_charset,"iso-8859-1, utf-8, utf-16, *;q=0.1"},
           {http_accept_encoding,"deflate, gzip, x-gzip, identity, *;q=0"},
           {http_cache_control,"no-cache"},
           {http_connection,"Keep-Alive, TE"},
           {http_te,"deflate, gzip, chunked, identity, trailers"}]]},
     {http_chunk,encode,1},
     {httpd_response,send_chunk,3},
     {mod_esi,handle_body,6},
     {mod_esi,erl_scheme_webpage_chunk,5},
     {mod_esi,generate_webpage,7},
     {httpd_response,traverse_modules,2},
     {httpd_response,generate_and_send_response,1}]}
[30/Nov/2009:18:57:14 -0600], traverse exit from apply: mod_esi:do => 
{badarg,
    [{erlang,iolist_size,
         [[60,104,116,109,108,62,60,98,111,100,121,62,72,101,108,108,111,44,
           32,87,111,114,108,100,50,33,60,47,98,111,100,121,62,60,47,104,116,
           109,108,62,13,10,
           {server_software,"inets/5.0.12"},
           {server_name,"micahcopple"},
           {gateway_interface,"CGI/1.1"},
           {server_protocol,"HTTP/1.1"},
           {server_port,8081},
           {request_method,"GET"},
           {remote_addr,"0:0:0:0:0:FFFF:7F00:1"},
           {script_name,"/erl/monitor:service"},
           {http_user_agent,
               "Opera/9.80 (X11; Linux i686; U; en) Presto/2.2.15 Version/10.00"},
           {http_host,"localhost:8081"},
           {http_accept,
               "text/html, application/xml;q=0.9, application/xhtml+xml, image/png, image/jpeg, image/gif, image/x-xbitmap, */*;q=0.1"},
           {http_accept_language,"en"},
           {http_accept_charset,"iso-8859-1, utf-8, utf-16, *;q=0.1"},
           {http_accept_encoding,"deflate, gzip, x-gzip, identity, *;q=0"},
           {http_cache_control,"no-cache"},
           {http_connection,"Keep-Alive, TE"},
           {http_te,"deflate, gzip, chunked, identity, trailers"}]]},
     {http_chunk,encode,1},
     {httpd_response,send_chunk,3},
     {mod_esi,handle_body,6},
     {mod_esi,erl_scheme_webpage_chunk,5},
     {mod_esi,generate_webpage,7},
     {httpd_response,traverse_modules,2},
     {httpd_response,generate_and_send_response,1}]}
[30/Nov/2009:18:57:15 -0600], traverse exit from apply: mod_esi:do => 
{badarg,
    [{erlang,iolist_size,
         [[60,104,116,109,108,62,60,98,111,100,121,62,72,101,108,108,111,44,
           32,87,111,114,108,100,50,33,60,47,98,111,100,121,62,60,47,104,116,
           109,108,62,13,10,
           {server_software,"inets/5.0.12"},
           {server_name,"micahcopple"},
           {gateway_interface,"CGI/1.1"},
           {server_protocol,"HTTP/1.1"},
           {server_port,8081},
           {request_method,"GET"},
           {remote_addr,"0:0:0:0:0:FFFF:7F00:1"},
           {script_name,"/erl/monitor:service"},
           {http_user_agent,
               "Opera/9.80 (X11; Linux i686; U; en) Presto/2.2.15 Version/10.00"},
           {http_host,"localhost:8081"},
           {http_accept,
               "text/html, application/xml;q=0.9, application/xhtml+xml, image/png, image/jpeg, image/gif, image/x-xbitmap, */*;q=0.1"},
           {http_accept_language,"en"},
           {http_accept_charset,"iso-8859-1, utf-8, utf-16, *;q=0.1"},
           {http_accept_encoding,"deflate, gzip, x-gzip, identity, *;q=0"},
           {http_cache_control,"no-cache"},
           {http_connection,"Keep-Alive, TE"},
           {http_te,"deflate, gzip, chunked, identity, trailers"}]]},
     {http_chunk,encode,1},
     {httpd_response,send_chunk,3},
     {mod_esi,handle_body,6},
     {mod_esi,erl_scheme_webpage_chunk,5},
     {mod_esi,generate_webpage,7},
     {httpd_response,traverse_modules,2},
     {httpd_response,generate_and_send_response,1}]}
[30/Nov/2009:18:57:15 -0600], traverse exit from apply: mod_esi:do => 
{badarg,
    [{erlang,iolist_size,
         [[60,104,116,109,108,62,60,98,111,100,121,62,72,101,108,108,111,44,
           32,87,111,114,108,100,50,33,60,47,98,111,100,121,62,60,47,104,116,
           109,108,62,13,10,
           {server_software,"inets/5.0.12"},
           {server_name,"micahcopple"},
           {gateway_interface,"CGI/1.1"},
           {server_protocol,"HTTP/1.1"},
           {server_port,8081},
           {request_method,"GET"},
           {remote_addr,"0:0:0:0:0:FFFF:7F00:1"},
           {script_name,"/erl/monitor:service"},
           {http_user_agent,
               "Opera/9.80 (X11; Linux i686; U; en) Presto/2.2.15 Version/10.00"},
           {http_host,"localhost:8081"},
           {http_accept,
               "text/html, application/xml;q=0.9, application/xhtml+xml, image/png, image/jpeg, image/gif, image/x-xbitmap, */*;q=0.1"},
           {http_accept_language,"en"},
           {http_accept_charset,"iso-8859-1, utf-8, utf-16, *;q=0.1"},
           {http_accept_encoding,"deflate, gzip, x-gzip, identity, *;q=0"},
           {http_cache_control,"no-cache"},
           {http_connection,"Keep-Alive, TE"},
           {http_te,"deflate, gzip, chunked, identity, trailers"}]]},
     {http_chunk,encode,1},
     {httpd_response,send_chunk,3},
     {mod_esi,handle_body,6},
     {mod_esi,erl_scheme_webpage_chunk,5},
     {mod_esi,generate_webpage,7},
     {httpd_response,traverse_modules,2},
     {httpd_response,generate_and_send_response,1}]}
[30/Nov/2009:18:57:16 -0600], traverse exit from apply: mod_esi:do => 
{badarg,
    [{erlang,iolist_size,
         [[60,104,116,109,108,62,60,98,111,100,121,62,72,101,108,108,111,44,
           32,87,111,114,108,100,50,33,60,47,98,111,100,121,62,60,47,104,116,
           109,108,62,13,10,
           {server_software,"inets/5.0.12"},
           {server_name,"micahcopple"},
           {gateway_interface,"CGI/1.1"},
           {server_protocol,"HTTP/1.1"},
           {server_port,8081},
           {request_method,"GET"},
           {remote_addr,"0:0:0:0:0:FFFF:7F00:1"},
           {script_name,"/erl/monitor:service"},
           {http_user_agent,
               "Opera/9.80 (X11; Linux i686; U; en) Presto/2.2.15 Version/10.00"},
           {http_host,"localhost:8081"},
           {http_accept,
               "text/html, application/xml;q=0.9, application/xhtml+xml, image/png, image/jpeg, image/gif, image/x-xbitmap, */*;q=0.1"},
           {http_accept_language,"en"},
           {http_accept_charset,"iso-8859-1, utf-8, utf-16, *;q=0.1"},
           {http_accept_encoding,"deflate, gzip, x-gzip, identity, *;q=0"},
           {http_cache_control,"no-cache"},
           {http_connection,"Keep-Alive, TE"},
           {http_te,"deflate, gzip, chunked, identity, trailers"}]]},
     {http_chunk,encode,1},
     {httpd_response,send_chunk,3},
     {mod_esi,handle_body,6},
     {mod_esi,erl_scheme_webpage_chunk,5},
     {mod_esi,generate_webpage,7},
     {httpd_response,traverse_modules,2},
     {httpd_response,generate_and_send_response,1}]}
[30/Nov/2009:18:57:16 -0600], traverse exit from apply: mod_esi:do => 
{badarg,
    [{erlang,iolist_size,
         [[60,104,116,109,108,62,60,98,111,100,121,62,72,101,108,108,111,44,
           32,87,111,114,108,100,50,33,60,47,98,111,100,121,62,60,47,104,116,
           109,108,62,13,10,
           {server_software,"inets/5.0.12"},
           {server_name,"micahcopple"},
           {gateway_interface,"CGI/1.1"},
           {server_protocol,"HTTP/1.1"},
           {server_port,8081},
           {request_method,"GET"},
           {remote_addr,"0:0:0:0:0:FFFF:7F00:1"},
           {script_name,"/erl/monitor:service"},
           {http_user_agent,
               "Opera/9.80 (X11; Linux i686; U; en) Presto/2.2.15 Version/10.00"},
           {http_host,"localhost:8081"},
           {http_accept,
               "text/html, application/xml;q=0.9, application/xhtml+xml, image/png, image/jpeg, image/gif, image/x-xbitmap, */*;q=0.1"},
           {http_accept_language,"en"},
           {http_accept_charset,"iso-8859-1, utf-8, utf-16, *;q=0.1"},
           {http_accept_encoding,"deflate, gzip, x-gzip, identity, *;q=0"},
           {http_cache_control,"no-cache"},
           {http_connection,"Keep-Alive, TE"},
           {http_te,"deflate, gzip, chunked, identity, trailers"}]]},
     {http_chunk,encode,1},
     {httpd_response,send_chunk,3},
     {mod_esi,handle_body,6},
     {mod_esi,erl_scheme_webpage_chunk,5},
     {mod_esi,generate_webpage,7},
     {httpd_response,traverse_modules,2},
     {httpd_response,generate_and_send_response,1}]}
[30/Nov/2009:18:58:10 -0600] server crash for 0:0:0:0:0:FFFF:7F00:1, reason: 
"Error reading request:Not supported: {[255,244,255,253,6,13,10,13,10,13,10,13,10,13,10,13,10,13,10,\n                 97,115,100,102,13,10,13,10,13,10,13,10,13,10,13,10,71,69,84],\n                [],[]}\n"

[30/Nov/2009:18:58:25 -0600] access to erl/monitor/service failed for 0:0:0:0:0:FFFF:7F00:1 reason: 
"httpd_file: Can't accesswwwerl/monitor/service"
[30/Nov/2009:18:58:47 -0600] access to /erl/monitor/ervice failed for 0:0:0:0:0:FFFF:7F00:1 reason: 
"Not found"
[30/Nov/2009:19:02:02 -0600], traverse exit from apply: mod_esi:do => 
{badarg,
    [{erlang,iolist_size,
         [[60,104,116,109,108,62,60,98,111,100,121,62,72,101,108,108,111,44,
           32,87,111,114,108,100,50,33,60,47,98,111,100,121,62,60,47,104,116,
           109,108,62,
           {server_software,"inets/5.0.12"},
           {server_name,"micahcopple"},
           {gateway_interface,"CGI/1.1"},
           {server_protocol,"HTTP/1.1"},
           {server_port,8081},
           {request_method,"GET"},
           {remote_addr,"0:0:0:0:0:FFFF:7F00:1"},
           {script_name,"/erl/monitor:service"},
           {http_user_agent,
               "Opera/9.80 (X11; Linux i686; U; en) Presto/2.2.15 Version/10.00"},
           {http_host,"localhost:8081"},
           {http_accept,
               "text/html, application/xml;q=0.9, application/xhtml+xml, image/png, image/jpeg, image/gif, image/x-xbitmap, */*;q=0.1"},
           {http_accept_language,"en"},
           {http_accept_charset,"iso-8859-1, utf-8, utf-16, *;q=0.1"},
           {http_accept_encoding,"deflate, gzip, x-gzip, identity, *;q=0"},
           {http_cache_control,"no-cache"},
           {http_connection,"Keep-Alive, TE"},
           {http_te,"deflate, gzip, chunked, identity, trailers"}]]},
     {http_chunk,encode,1},
     {httpd_response,send_chunk,3},
     {mod_esi,handle_body,6},
     {mod_esi,erl_scheme_webpage_chunk,5},
     {mod_esi,generate_webpage,7},
     {httpd_response,traverse_modules,2},
     {httpd_response,generate_and_send_response,1}]}
[30/Nov/2009:19:02:02 -0600], traverse exit from apply: mod_esi:do => 
{badarg,
    [{erlang,iolist_size,
         [[60,104,116,109,108,62,60,98,111,100,121,62,72,101,108,108,111,44,
           32,87,111,114,108,100,50,33,60,47,98,111,100,121,62,60,47,104,116,
           109,108,62,
           {server_software,"inets/5.0.12"},
           {server_name,"micahcopple"},
           {gateway_interface,"CGI/1.1"},
           {server_protocol,"HTTP/1.1"},
           {server_port,8081},
           {request_method,"GET"},
           {remote_addr,"0:0:0:0:0:FFFF:7F00:1"},
           {script_name,"/erl/monitor:service"},
           {http_user_agent,
               "Opera/9.80 (X11; Linux i686; U; en) Presto/2.2.15 Version/10.00"},
           {http_host,"localhost:8081"},
           {http_accept,
               "text/html, application/xml;q=0.9, application/xhtml+xml, image/png, image/jpeg, image/gif, image/x-xbitmap, */*;q=0.1"},
           {http_accept_language,"en"},
           {http_accept_charset,"iso-8859-1, utf-8, utf-16, *;q=0.1"},
           {http_accept_encoding,"deflate, gzip, x-gzip, identity, *;q=0"},
           {http_cache_control,"no-cache"},
           {http_connection,"Keep-Alive, TE"},
           {http_te,"deflate, gzip, chunked, identity, trailers"}]]},
     {http_chunk,encode,1},
     {httpd_response,send_chunk,3},
     {mod_esi,handle_body,6},
     {mod_esi,erl_scheme_webpage_chunk,5},
     {mod_esi,generate_webpage,7},
     {httpd_response,traverse_modules,2},
     {httpd_response,generate_and_send_response,1}]}
[30/Nov/2009:19:02:21 -0600] access to /favicon.ico failed for 0:0:0:0:0:FFFF:7F00:1 reason: 
"httpd_file: Can't accesswww/favicon.ico"
[30/Nov/2009:19:02:43 -0600] access to /favicon.ico failed for 0:0:0:0:0:FFFF:7F00:1 reason: 
"httpd_file: Can't accesswww/favicon.ico"
[30/Nov/2009:19:02:50 -0600], traverse exit from apply: mod_esi:do => 
{badarg,
    [{erlang,iolist_size,
         [[60,104,116,109,108,62,60,98,111,100,121,62,72,101,108,108,111,44,
           32,87,111,114,108,100,50,33,60,47,98,111,100,121,62,60,47,104,116,
           109,108,62,116,101,115,116,
           {server_software,"inets/5.0.12"},
           {server_name,"micahcopple"},
           {gateway_interface,"CGI/1.1"},
           {server_protocol,"HTTP/1.1"},
           {server_port,8081},
           {request_method,"GET"},
           {remote_addr,"0:0:0:0:0:FFFF:7F00:1"},
           {script_name,"/erl/monitor:service?test"},
           {http_user_agent,
               "Opera/9.80 (X11; Linux i686; U; en) Presto/2.2.15 Version/10.00"},
           {http_host,"localhost:8081"},
           {http_accept,
               "text/html, application/xml;q=0.9, application/xhtml+xml, image/png, image/jpeg, image/gif, image/x-xbitmap, */*;q=0.1"},
           {http_accept_language,"en"},
           {http_accept_charset,"iso-8859-1, utf-8, utf-16, *;q=0.1"},
           {http_accept_encoding,"deflate, gzip, x-gzip, identity, *;q=0"},
           {http_cache_control,"no-cache"},
           {http_connection,"Keep-Alive, TE"},
           {http_te,"deflate, gzip, chunked, identity, trailers"},
           {query_string,"test"}]]},
     {http_chunk,encode,1},
     {httpd_response,send_chunk,3},
     {mod_esi,handle_body,6},
     {mod_esi,erl_scheme_webpage_chunk,5},
     {mod_esi,generate_webpage,7},
     {httpd_response,traverse_modules,2},
     {httpd_response,generate_and_send_response,1}]}
[30/Nov/2009:19:02:50 -0600], traverse exit from apply: mod_esi:do => 
{badarg,
    [{erlang,iolist_size,
         [[60,104,116,109,108,62,60,98,111,100,121,62,72,101,108,108,111,44,
           32,87,111,114,108,100,50,33,60,47,98,111,100,121,62,60,47,104,116,
           109,108,62,116,101,115,116,
           {server_software,"inets/5.0.12"},
           {server_name,"micahcopple"},
           {gateway_interface,"CGI/1.1"},
           {server_protocol,"HTTP/1.1"},
           {server_port,8081},
           {request_method,"GET"},
           {remote_addr,"0:0:0:0:0:FFFF:7F00:1"},
           {script_name,"/erl/monitor:service?test"},
           {http_user_agent,
               "Opera/9.80 (X11; Linux i686; U; en) Presto/2.2.15 Version/10.00"},
           {http_host,"localhost:8081"},
           {http_accept,
               "text/html, application/xml;q=0.9, application/xhtml+xml, image/png, image/jpeg, image/gif, image/x-xbitmap, */*;q=0.1"},
           {http_accept_language,"en"},
           {http_accept_charset,"iso-8859-1, utf-8, utf-16, *;q=0.1"},
           {http_accept_encoding,"deflate, gzip, x-gzip, identity, *;q=0"},
           {http_cache_control,"no-cache"},
           {http_connection,"Keep-Alive, TE"},
           {http_te,"deflate, gzip, chunked, identity, trailers"},
           {query_string,"test"}]]},
     {http_chunk,encode,1},
     {httpd_response,send_chunk,3},
     {mod_esi,handle_body,6},
     {mod_esi,erl_scheme_webpage_chunk,5},
     {mod_esi,generate_webpage,7},
     {httpd_response,traverse_modules,2},
     {httpd_response,generate_and_send_response,1}]}
[30/Nov/2009:19:03:10 -0600] access to /favicon.ico failed for 0:0:0:0:0:FFFF:7F00:1 reason: 
"httpd_file: Can't accesswww/favicon.ico"
[30/Nov/2009:19:05:12 -0600] access to /favicon.ico failed for 0:0:0:0:0:FFFF:7F00:1 reason: 
"httpd_file: Can't accesswww/favicon.ico"
[30/Nov/2009:19:05:33 -0600] access to /favicon.ico failed for 0:0:0:0:0:FFFF:7F00:1 reason: 
"httpd_file: Can't accesswww/favicon.ico"
[30/Nov/2009:19:05:34 -0600] access to /favicon.ico failed for 0:0:0:0:0:FFFF:7F00:1 reason: 
"httpd_file: Can't accesswww/favicon.ico"
[30/Nov/2009:19:06:07 -0600] access to /favicon.ico failed for 0:0:0:0:0:FFFF:7F00:1 reason: 
"httpd_file: Can't accesswww/favicon.ico"
[30/Nov/2009:19:06:09 -0600] access to /favicon.ico failed for 0:0:0:0:0:FFFF:7F00:1 reason: 
"httpd_file: Can't accesswww/favicon.ico"
[30/Nov/2009:19:07:16 -0600] access to /favicon.ico failed for 0:0:0:0:0:FFFF:7F00:1 reason: 
"httpd_file: Can't accesswww/favicon.ico"
[30/Nov/2009:19:09:55 -0600], traverse exit from apply: mod_esi:do => 
{badarg,[{erlang,iolist_size,
                 [[60,104,116,109,108,62,60,98,111,100,121,62,72,101,108,108,
                   111,44,32,87,111,114,108,100,50,33,
                   'test@micahcopple.thw1.students.letnet.net',60,47,98,111,
                   100,121,62,60,47,104,116,109,108,62]]},
         {http_chunk,encode,1},
         {httpd_response,send_chunk,3},
         {mod_esi,handle_body,6},
         {mod_esi,erl_scheme_webpage_chunk,5},
         {mod_esi,generate_webpage,7},
         {httpd_response,traverse_modules,2},
         {httpd_response,generate_and_send_response,1}]}
[30/Nov/2009:19:09:55 -0600], traverse exit from apply: mod_esi:do => 
{badarg,[{erlang,iolist_size,
                 [[60,104,116,109,108,62,60,98,111,100,121,62,72,101,108,108,
                   111,44,32,87,111,114,108,100,50,33,
                   'test@micahcopple.thw1.students.letnet.net',60,47,98,111,
                   100,121,62,60,47,104,116,109,108,62]]},
         {http_chunk,encode,1},
         {httpd_response,send_chunk,3},
         {mod_esi,handle_body,6},
         {mod_esi,erl_scheme_webpage_chunk,5},
         {mod_esi,generate_webpage,7},
         {httpd_response,traverse_modules,2},
         {httpd_response,generate_and_send_response,1}]}
[30/Nov/2009:19:09:57 -0600], traverse exit from apply: mod_esi:do => 
{badarg,[{erlang,iolist_size,
                 [[60,104,116,109,108,62,60,98,111,100,121,62,72,101,108,108,
                   111,44,32,87,111,114,108,100,50,33,
                   'test@micahcopple.thw1.students.letnet.net',60,47,98,111,
                   100,121,62,60,47,104,116,109,108,62]]},
         {http_chunk,encode,1},
         {httpd_response,send_chunk,3},
         {mod_esi,handle_body,6},
         {mod_esi,erl_scheme_webpage_chunk,5},
         {mod_esi,generate_webpage,7},
         {httpd_response,traverse_modules,2},
         {httpd_response,generate_and_send_response,1}]}
[30/Nov/2009:19:09:57 -0600], traverse exit from apply: mod_esi:do => 
{badarg,[{erlang,iolist_size,
                 [[60,104,116,109,108,62,60,98,111,100,121,62,72,101,108,108,
                   111,44,32,87,111,114,108,100,50,33,
                   'test@micahcopple.thw1.students.letnet.net',60,47,98,111,
                   100,121,62,60,47,104,116,109,108,62]]},
         {http_chunk,encode,1},
         {httpd_response,send_chunk,3},
         {mod_esi,handle_body,6},
         {mod_esi,erl_scheme_webpage_chunk,5},
         {mod_esi,generate_webpage,7},
         {httpd_response,traverse_modules,2},
         {httpd_response,generate_and_send_response,1}]}
[30/Nov/2009:19:11:11 -0600] access to /favicon.ico failed for 0:0:0:0:0:FFFF:7F00:1 reason: 
"httpd_file: Can't accesswww/favicon.ico"
[30/Nov/2009:19:17:09 -0600] access to /favicon.ico failed for 0:0:0:0:0:FFFF:7F00:1 reason: 
"httpd_file: Can't accesswww/favicon.ico"
[30/Nov/2009:19:17:11 -0600] access to /favicon.ico failed for 0:0:0:0:0:FFFF:7F00:1 reason: 
"httpd_file: Can't accesswww/favicon.ico"
[30/Nov/2009:19:17:26 -0600] access to /favicon.ico failed for 0:0:0:0:0:FFFF:7F00:1 reason: 
"httpd_file: Can't accesswww/favicon.ico"
[30/Nov/2009:19:32:32 -0600], traverse exit from apply: mod_esi:do => 
{mod_esi_linked_process_died,<0.144.0>,normal}
[30/Nov/2009:19:32:32 -0600], traverse exit from apply: mod_esi:do => 
{mod_esi_linked_process_died,<0.146.0>,normal}
[30/Nov/2009:19:32:32 -0600], traverse exit from apply: mod_esi:do => 
{mod_esi_linked_process_died,<0.148.0>,normal}
[30/Nov/2009:19:32:32 -0600], traverse exit from apply: mod_esi:do => 
{mod_esi_linked_process_died,<0.150.0>,normal}
[30/Nov/2009:19:32:32 -0600], traverse exit from apply: mod_esi:do => 
{mod_esi_linked_process_died,<0.152.0>,normal}
[30/Nov/2009:19:32:32 -0600] access to /favicon.ico failed for 0:0:0:0:0:FFFF:7F00:1 reason: 
"httpd_file: Can't accesswww/favicon.ico"
[30/Nov/2009:19:32:53 -0600], traverse exit from apply: mod_esi:do => 
{mod_esi_linked_process_died,<0.155.0>,normal}
[30/Nov/2009:19:33:02 -0600] access to /erl/monitor/er failed for 0:0:0:0:0:FFFF:7F00:1 reason: 
"Not found"
[30/Nov/2009:19:34:26 -0600] access to /favicon.ico failed for 0:0:0:0:0:FFFF:7F00:1 reason: 
"httpd_file: Can't accesswww/favicon.ico"
[30/Nov/2009:19:34:42 -0600] access to /favicon.ico failed for 0:0:0:0:0:FFFF:7F00:1 reason: 
"httpd_file: Can't accesswww/favicon.ico"
[30/Nov/2009:19:34:44 -0600] access to /favicon.ico failed for 0:0:0:0:0:FFFF:7F00:1 reason: 
"httpd_file: Can't accesswww/favicon.ico"
[30/Nov/2009:19:35:02 -0600] access to /favicon.ico failed for 0:0:0:0:0:FFFF:7F00:1 reason: 
"httpd_file: Can't accesswww/favicon.ico"
[30/Nov/2009:19:35:35 -0600] access to /favicon.ico failed for 0:0:0:0:0:FFFF:7F00:1 reason: 
"httpd_file: Can't accesswww/favicon.ico"
[30/Nov/2009:19:42:06 -0600] access to /favicon.ico failed for 0:0:0:0:0:FFFF:7F00:1 reason: 
"httpd_file: Can't accesswww/favicon.ico"
[30/Nov/2009:19:42:23 -0600] access to /favicon.ico failed for 0:0:0:0:0:FFFF:7F00:1 reason: 
"httpd_file: Can't accesswww/favicon.ico"
[30/Nov/2009:19:47:21 -0600] access to /favicon.ico failed for 0:0:0:0:0:FFFF:7F00:1 reason: 
"httpd_file: Can't accesswww/favicon.ico"
[30/Nov/2009:19:50:24 -0600] access to /favicon.ico failed for 0:0:0:0:0:FFFF:7F00:1 reason: 
"httpd_file: Can't accesswww/favicon.ico"
[30/Nov/2009:19:54:14 -0600], traverse exit from apply: mod_esi:do => 
{mod_esi_linked_process_died,<0.262.0>,normal}
[30/Nov/2009:19:54:14 -0600], traverse exit from apply: mod_esi:do => 
{mod_esi_linked_process_died,<0.264.0>,normal}
[30/Nov/2009:19:54:14 -0600], traverse exit from apply: mod_esi:do => 
{mod_esi_linked_process_died,<0.266.0>,normal}
[30/Nov/2009:19:54:14 -0600], traverse exit from apply: mod_esi:do => 
{mod_esi_linked_process_died,<0.268.0>,normal}
[30/Nov/2009:19:54:14 -0600], traverse exit from apply: mod_esi:do => 
{mod_esi_linked_process_died,<0.270.0>,normal}
[30/Nov/2009:19:54:14 -0600] access to /favicon.ico failed for 0:0:0:0:0:FFFF:7F00:1 reason: 
"httpd_file: Can't accesswww/favicon.ico"
[30/Nov/2009:19:54:16 -0600], traverse exit from apply: mod_esi:do => 
{mod_esi_linked_process_died,<0.273.0>,normal}
[30/Nov/2009:19:54:16 -0600], traverse exit from apply: mod_esi:do => 
{mod_esi_linked_process_died,<0.275.0>,normal}
[30/Nov/2009:19:54:16 -0600], traverse exit from apply: mod_esi:do => 
{mod_esi_linked_process_died,<0.277.0>,normal}
[30/Nov/2009:19:54:16 -0600], traverse exit from apply: mod_esi:do => 
{mod_esi_linked_process_died,<0.279.0>,normal}
[30/Nov/2009:19:54:16 -0600], traverse exit from apply: mod_esi:do => 
{mod_esi_linked_process_died,<0.281.0>,normal}
[30/Nov/2009:19:54:16 -0600] access to /favicon.ico failed for 0:0:0:0:0:FFFF:7F00:1 reason: 
"httpd_file: Can't accesswww/favicon.ico"
[30/Nov/2009:19:56:12 -0600], traverse exit from apply: mod_esi:do => 
{mod_esi_linked_process_died,<0.289.0>,normal}
[30/Nov/2009:19:56:12 -0600], traverse exit from apply: mod_esi:do => 
{mod_esi_linked_process_died,<0.291.0>,normal}
[30/Nov/2009:19:56:12 -0600], traverse exit from apply: mod_esi:do => 
{mod_esi_linked_process_died,<0.293.0>,normal}
[30/Nov/2009:19:56:12 -0600], traverse exit from apply: mod_esi:do => 
{mod_esi_linked_process_died,<0.295.0>,normal}
[30/Nov/2009:19:56:12 -0600], traverse exit from apply: mod_esi:do => 
{mod_esi_linked_process_died,<0.297.0>,normal}
[30/Nov/2009:19:56:12 -0600] access to /favicon.ico failed for 0:0:0:0:0:FFFF:7F00:1 reason: 
"httpd_file: Can't accesswww/favicon.ico"
[30/Nov/2009:19:56:13 -0600], traverse exit from apply: mod_esi:do => 
{mod_esi_linked_process_died,<0.300.0>,normal}
[30/Nov/2009:19:56:13 -0600], traverse exit from apply: mod_esi:do => 
{mod_esi_linked_process_died,<0.302.0>,normal}
[30/Nov/2009:19:56:13 -0600], traverse exit from apply: mod_esi:do => 
{mod_esi_linked_process_died,<0.304.0>,normal}
[30/Nov/2009:19:56:13 -0600], traverse exit from apply: mod_esi:do => 
{mod_esi_linked_process_died,<0.306.0>,normal}
[30/Nov/2009:19:56:13 -0600], traverse exit from apply: mod_esi:do => 
{mod_esi_linked_process_died,<0.308.0>,normal}
[30/Nov/2009:19:56:13 -0600] access to /favicon.ico failed for 0:0:0:0:0:FFFF:7F00:1 reason: 
"httpd_file: Can't accesswww/favicon.ico"
[30/Nov/2009:19:56:29 -0600], traverse exit from apply: mod_esi:do => 
{mod_esi_linked_process_died,<0.316.0>,normal}
[30/Nov/2009:19:56:29 -0600], traverse exit from apply: mod_esi:do => 
{mod_esi_linked_process_died,<0.318.0>,normal}
[30/Nov/2009:19:56:29 -0600], traverse exit from apply: mod_esi:do => 
{mod_esi_linked_process_died,<0.320.0>,normal}
[30/Nov/2009:19:56:29 -0600], traverse exit from apply: mod_esi:do => 
{mod_esi_linked_process_died,<0.322.0>,normal}
[30/Nov/2009:19:56:29 -0600], traverse exit from apply: mod_esi:do => 
{mod_esi_linked_process_died,<0.324.0>,normal}
[30/Nov/2009:19:56:29 -0600] access to /favicon.ico failed for 0:0:0:0:0:FFFF:7F00:1 reason: 
"httpd_file: Can't accesswww/favicon.ico"
[30/Nov/2009:19:57:04 -0600] access to /erl/monitor/service failed for 0:0:0:0:0:FFFF:7F00:1 reason: 
"Not found"
[30/Nov/2009:19:57:04 -0600] access to /favicon.ico failed for 0:0:0:0:0:FFFF:7F00:1 reason: 
"httpd_file: Can't accesswww/favicon.ico"
[30/Nov/2009:19:57:11 -0600] access to /erl/monitor/service failed for 0:0:0:0:0:FFFF:7F00:1 reason: 
"Not found"
[30/Nov/2009:19:57:11 -0600] access to /favicon.ico failed for 0:0:0:0:0:FFFF:7F00:1 reason: 
"httpd_file: Can't accesswww/favicon.ico"
[30/Nov/2009:19:57:12 -0600] access to /erl/monitor/service failed for 0:0:0:0:0:FFFF:7F00:1 reason: 
"Not found"
[30/Nov/2009:19:57:12 -0600] access to /favicon.ico failed for 0:0:0:0:0:FFFF:7F00:1 reason: 
"httpd_file: Can't accesswww/favicon.ico"
[30/Nov/2009:19:58:06 -0600], traverse exit from apply: mod_esi:do => 
{mod_esi_linked_process_died,<0.351.0>,normal}
[30/Nov/2009:19:58:06 -0600], traverse exit from apply: mod_esi:do => 
{mod_esi_linked_process_died,<0.353.0>,normal}
[30/Nov/2009:19:58:06 -0600], traverse exit from apply: mod_esi:do => 
{mod_esi_linked_process_died,<0.355.0>,normal}
[30/Nov/2009:19:58:06 -0600], traverse exit from apply: mod_esi:do => 
{mod_esi_linked_process_died,<0.357.0>,normal}
[30/Nov/2009:19:58:06 -0600], traverse exit from apply: mod_esi:do => 
{mod_esi_linked_process_died,<0.359.0>,normal}
[30/Nov/2009:19:58:06 -0600] access to /favicon.ico failed for 0:0:0:0:0:FFFF:7F00:1 reason: 
"httpd_file: Can't accesswww/favicon.ico"
[30/Nov/2009:19:58:19 -0600], traverse exit from apply: mod_esi:do => 
{mod_esi_linked_process_died,<0.367.0>,normal}
[30/Nov/2009:19:58:19 -0600], traverse exit from apply: mod_esi:do => 
{mod_esi_linked_process_died,<0.369.0>,normal}
[30/Nov/2009:19:58:19 -0600], traverse exit from apply: mod_esi:do => 
{mod_esi_linked_process_died,<0.371.0>,normal}
[30/Nov/2009:19:58:19 -0600], traverse exit from apply: mod_esi:do => 
{mod_esi_linked_process_died,<0.373.0>,normal}
[30/Nov/2009:19:58:19 -0600], traverse exit from apply: mod_esi:do => 
{mod_esi_linked_process_died,<0.375.0>,normal}
[30/Nov/2009:19:58:19 -0600] access to /favicon.ico failed for 0:0:0:0:0:FFFF:7F00:1 reason: 
"httpd_file: Can't accesswww/favicon.ico"
[30/Nov/2009:19:58:44 -0600], traverse exit from apply: mod_esi:do => 
{mod_esi_linked_process_died,<0.400.0>,normal}
[30/Nov/2009:19:58:44 -0600], traverse exit from apply: mod_esi:do => 
{mod_esi_linked_process_died,<0.402.0>,normal}
[30/Nov/2009:19:58:44 -0600], traverse exit from apply: mod_esi:do => 
{mod_esi_linked_process_died,<0.404.0>,normal}
[30/Nov/2009:19:58:44 -0600], traverse exit from apply: mod_esi:do => 
{mod_esi_linked_process_died,<0.406.0>,normal}
[30/Nov/2009:19:58:44 -0600], traverse exit from apply: mod_esi:do => 
{mod_esi_linked_process_died,<0.408.0>,normal}
[30/Nov/2009:19:58:44 -0600] access to /favicon.ico failed for 0:0:0:0:0:FFFF:7F00:1 reason: 
"httpd_file: Can't accesswww/favicon.ico"
[30/Nov/2009:19:59:10 -0600], traverse exit from apply: mod_esi:do => 
{mod_esi_linked_process_died,<0.416.0>,normal}
[30/Nov/2009:19:59:10 -0600], traverse exit from apply: mod_esi:do => 
{mod_esi_linked_process_died,<0.418.0>,normal}
[30/Nov/2009:19:59:10 -0600], traverse exit from apply: mod_esi:do => 
{mod_esi_linked_process_died,<0.420.0>,normal}
[30/Nov/2009:19:59:10 -0600], traverse exit from apply: mod_esi:do => 
{mod_esi_linked_process_died,<0.422.0>,normal}
[30/Nov/2009:19:59:10 -0600], traverse exit from apply: mod_esi:do => 
{mod_esi_linked_process_died,<0.424.0>,normal}
[30/Nov/2009:19:59:10 -0600] access to /favicon.ico failed for 0:0:0:0:0:FFFF:7F00:1 reason: 
"httpd_file: Can't accesswww/favicon.ico"
[30/Nov/2009:20:00:01 -0600] access to /favicon.ico failed for 0:0:0:0:0:FFFF:7F00:1 reason: 
"httpd_file: Can't accesswww/favicon.ico"
[30/Nov/2009:20:00:18 -0600] access to /favicon.ico failed for 0:0:0:0:0:FFFF:7F00:1 reason: 
"httpd_file: Can't accesswww/favicon.ico"
[30/Nov/2009:20:00:46 -0600] access to /favicon.ico failed for 0:0:0:0:0:FFFF:7F00:1 reason: 
"httpd_file: Can't accesswww/favicon.ico"
[30/Nov/2009:20:01:23 -0600] access to /favicon.ico failed for 0:0:0:0:0:FFFF:7F00:1 reason: 
"httpd_file: Can't accesswww/favicon.ico"
[30/Nov/2009:20:01:30 -0600] access to /favicon.ico failed for 0:0:0:0:0:FFFF:7F00:1 reason: 
"httpd_file: Can't accesswww/favicon.ico"
[30/Nov/2009:20:03:34 -0600] access to /favicon.ico failed for 0:0:0:0:0:FFFF:7F00:1 reason: 
"httpd_file: Can't accesswww/favicon.ico"
[30/Nov/2009:20:44:20 -0600] access to /favicon.ico failed for 0:0:0:0:0:FFFF:7F00:1 reason: 
"httpd_file: Can't accesswww/favicon.ico"
[30/Nov/2009:21:20:38 -0600] access to /erl/monitor/main failed for 0:0:0:0:0:FFFF:7F00:1 reason: 
"Not found"
[30/Nov/2009:21:21:06 -0600] access to /favicon.ico failed for 0:0:0:0:0:FFFF:7F00:1 reason: 
"httpd_file: Can't accesswww/favicon.ico"
[30/Nov/2009:21:21:29 -0600] access to /favicon.ico failed for 0:0:0:0:0:FFFF:7F00:1 reason: 
"httpd_file: Can't accesswww/favicon.ico"
[30/Nov/2009:21:21:30 -0600] access to /favicon.ico failed for 0:0:0:0:0:FFFF:7F00:1 reason: 
"httpd_file: Can't accesswww/favicon.ico"
[30/Nov/2009:21:24:52 -0600] access to /favicon.ico failed for 0:0:0:0:0:FFFF:7F00:1 reason: 
"httpd_file: Can't accesswww/favicon.ico"
[30/Nov/2009:21:24:54 -0600] access to /favicon.ico failed for 0:0:0:0:0:FFFF:7F00:1 reason: 
"httpd_file: Can't accesswww/favicon.ico"
[30/Nov/2009:21:25:21 -0600] access to /favicon.ico failed for 0:0:0:0:0:FFFF:7F00:1 reason: 
"httpd_file: Can't accesswww/favicon.ico"
[30/Nov/2009:21:26:54 -0600] access to /favicon.ico failed for 0:0:0:0:0:FFFF:7F00:1 reason: 
"httpd_file: Can't accesswww/favicon.ico"
[30/Nov/2009:21:26:57 -0600] access to /erl/monitor/detail failed for 0:0:0:0:0:FFFF:7F00:1 reason: 
"Not found"
[30/Nov/2009:21:27:00 -0600] access to /erl/monitor/detail?test failed for 0:0:0:0:0:FFFF:7F00:1 reason: 
"Not found"
[30/Nov/2009:21:28:28 -0600] access to /favicon.ico failed for 0:0:0:0:0:FFFF:7F00:1 reason: 
"httpd_file: Can't accesswww/favicon.ico"
[30/Nov/2009:21:28:52 -0600] access to /favicon.ico failed for 0:0:0:0:0:FFFF:7F00:1 reason: 
"httpd_file: Can't accesswww/favicon.ico"
[30/Nov/2009:21:30:29 -0600] access to /favicon.ico failed for 0:0:0:0:0:FFFF:7F00:1 reason: 
"httpd_file: Can't accesswww/favicon.ico"
[30/Nov/2009:21:31:01 -0600] access to /favicon.ico failed for 0:0:0:0:0:FFFF:7F00:1 reason: 
"httpd_file: Can't accesswww/favicon.ico"
[30/Nov/2009:21:44:56 -0600] access to /favicon.ico failed for 0:0:0:0:0:FFFF:7F00:1 reason: 
"httpd_file: Can't accesswww/favicon.ico"
[30/Nov/2009:21:55:15 -0600] access to /erl/monitor/other failed for 0:0:0:0:0:FFFF:7F00:1 reason: 
"Not found"
[30/Nov/2009:21:55:28 -0600] access to /erl/monitor/ failed for 0:0:0:0:0:FFFF:7F00:1 reason: 
"Not found"
[30/Nov/2009:21:56:35 -0600] access to /other failed for 0:0:0:0:0:FFFF:7F00:1 reason: 
["other"]
[30/Nov/2009:22:00:21 -0600] access to /erl/monitor/main failed for 0:0:0:0:0:FFFF:7F00:1 reason: 
"mod_esi: Client not authorized to evaluate: erl/monitor/main"
[30/Nov/2009:22:00:40 -0600] access to /favicon.ico failed for 0:0:0:0:0:FFFF:7F00:1 reason: 
"httpd_file: Can't accesswww/favicon.ico"
[30/Nov/2009:22:02:35 -0600], traverse exit from apply: mod_esi:do => 
{mod_esi_linked_process_died,<0.690.0>,normal}
[30/Nov/2009:22:02:35 -0600], traverse exit from apply: mod_esi:do => 
{mod_esi_linked_process_died,<0.692.0>,normal}
[30/Nov/2009:22:02:35 -0600], traverse exit from apply: mod_esi:do => 
{mod_esi_linked_process_died,<0.694.0>,normal}
[30/Nov/2009:22:02:35 -0600], traverse exit from apply: mod_esi:do => 
{mod_esi_linked_process_died,<0.696.0>,normal}
[30/Nov/2009:22:02:35 -0600], traverse exit from apply: mod_esi:do => 
{mod_esi_linked_process_died,<0.698.0>,normal}
[30/Nov/2009:22:02:35 -0600] access to /favicon.ico failed for 0:0:0:0:0:FFFF:7F00:1 reason: 
"httpd_file: Can't accesswww/favicon.ico"
[30/Nov/2009:22:02:36 -0600], traverse exit from apply: mod_esi:do => 
{mod_esi_linked_process_died,<0.701.0>,normal}
[30/Nov/2009:22:02:36 -0600], traverse exit from apply: mod_esi:do => 
{mod_esi_linked_process_died,<0.703.0>,normal}
[30/Nov/2009:22:02:36 -0600], traverse exit from apply: mod_esi:do => 
{mod_esi_linked_process_died,<0.705.0>,normal}
[30/Nov/2009:22:02:36 -0600], traverse exit from apply: mod_esi:do => 
{mod_esi_linked_process_died,<0.707.0>,normal}
[30/Nov/2009:22:02:36 -0600], traverse exit from apply: mod_esi:do => 
{mod_esi_linked_process_died,<0.709.0>,normal}
[30/Nov/2009:22:02:36 -0600] access to /favicon.ico failed for 0:0:0:0:0:FFFF:7F00:1 reason: 
"httpd_file: Can't accesswww/favicon.ico"
[30/Nov/2009:22:04:48 -0600], traverse exit from apply: mod_esi:do => 
{mod_esi_linked_process_died,<0.718.0>,normal}
[30/Nov/2009:22:04:48 -0600], traverse exit from apply: mod_esi:do => 
{mod_esi_linked_process_died,<0.720.0>,normal}
[30/Nov/2009:22:04:48 -0600], traverse exit from apply: mod_esi:do => 
{mod_esi_linked_process_died,<0.722.0>,normal}
[30/Nov/2009:22:04:48 -0600], traverse exit from apply: mod_esi:do => 
{mod_esi_linked_process_died,<0.724.0>,normal}
[30/Nov/2009:22:04:48 -0600], traverse exit from apply: mod_esi:do => 
{mod_esi_linked_process_died,<0.726.0>,normal}
[30/Nov/2009:22:04:48 -0600] access to /favicon.ico failed for 0:0:0:0:0:FFFF:7F00:1 reason: 
"httpd_file: Can't accesswww/favicon.ico"
[30/Nov/2009:22:04:55 -0600], traverse exit from apply: mod_esi:do => 
{badarg,[{erlang,iolist_size,
                 [[60,104,116,109,108,62,60,98,111,100,121,62,68,101,116,97,
                   105,108,115,32,102,111,114,58,32,39,116,101,115,116,64,109,
                   105,99,97,104,99,111,112,112,108,101,46,116,104,119,49,46,
                   115,116,117,100,101,110,116,115,46,108,101,116,110,101,116,
                   46,110,101,116,39,pang,60,98,114,62,60,97,32,104,114,101,
                   102,61,109,97,105,110,62,66,97,99,107,32,116,111,32,77,97,
                   105,110,60,47,97,62,60,47,98,111,100,121,62,60,47,104,116,
                   109,108,62]]},
         {http_chunk,encode,1},
         {httpd_response,send_chunk,3},
         {mod_esi,handle_body,6},
         {mod_esi,erl_scheme_webpage_chunk,5},
         {mod_esi,generate_webpage,7},
         {httpd_response,traverse_modules,2},
         {httpd_response,generate_and_send_response,1}]}
[30/Nov/2009:22:04:55 -0600], traverse exit from apply: mod_esi:do => 
{badarg,[{erlang,iolist_size,
                 [[60,104,116,109,108,62,60,98,111,100,121,62,68,101,116,97,
                   105,108,115,32,102,111,114,58,32,39,116,101,115,116,64,109,
                   105,99,97,104,99,111,112,112,108,101,46,116,104,119,49,46,
                   115,116,117,100,101,110,116,115,46,108,101,116,110,101,116,
                   46,110,101,116,39,pang,60,98,114,62,60,97,32,104,114,101,
                   102,61,109,97,105,110,62,66,97,99,107,32,116,111,32,77,97,
                   105,110,60,47,97,62,60,47,98,111,100,121,62,60,47,104,116,
                   109,108,62]]},
         {http_chunk,encode,1},
         {httpd_response,send_chunk,3},
         {mod_esi,handle_body,6},
         {mod_esi,erl_scheme_webpage_chunk,5},
         {mod_esi,generate_webpage,7},
         {httpd_response,traverse_modules,2},
         {httpd_response,generate_and_send_response,1}]}
[30/Nov/2009:22:05:51 -0600], traverse exit from apply: mod_esi:do => 
{badarg,[{erlang,iolist_size,
                 [[60,104,116,109,108,62,60,98,111,100,121,62,68,101,116,97,
                   105,108,115,32,102,111,114,58,32,39,116,101,115,116,64,109,
                   105,99,97,104,99,111,112,112,108,101,46,116,104,119,49,46,
                   115,116,117,100,101,110,116,115,46,108,101,116,110,101,116,
                   46,110,101,116,39,pang,60,98,114,62,60,97,32,104,114,101,
                   102,61,109,97,105,110,62,66,97,99,107,32,116,111,32,77,97,
                   105,110,60,47,97,62,60,47,98,111,100,121,62,60,47,104,116,
                   109,108,62]]},
         {http_chunk,encode,1},
         {httpd_response,send_chunk,3},
         {mod_esi,handle_body,6},
         {mod_esi,erl_scheme_webpage_chunk,5},
         {mod_esi,generate_webpage,7},
         {httpd_response,traverse_modules,2},
         {httpd_response,generate_and_send_response,1}]}
[30/Nov/2009:22:05:51 -0600], traverse exit from apply: mod_esi:do => 
{badarg,[{erlang,iolist_size,
                 [[60,104,116,109,108,62,60,98,111,100,121,62,68,101,116,97,
                   105,108,115,32,102,111,114,58,32,39,116,101,115,116,64,109,
                   105,99,97,104,99,111,112,112,108,101,46,116,104,119,49,46,
                   115,116,117,100,101,110,116,115,46,108,101,116,110,101,116,
                   46,110,101,116,39,pang,60,98,114,62,60,97,32,104,114,101,
                   102,61,109,97,105,110,62,66,97,99,107,32,116,111,32,77,97,
                   105,110,60,47,97,62,60,47,98,111,100,121,62,60,47,104,116,
                   109,108,62]]},
         {http_chunk,encode,1},
         {httpd_response,send_chunk,3},
         {mod_esi,handle_body,6},
         {mod_esi,erl_scheme_webpage_chunk,5},
         {mod_esi,generate_webpage,7},
         {httpd_response,traverse_modules,2},
         {httpd_response,generate_and_send_response,1}]}
[30/Nov/2009:22:05:54 -0600], traverse exit from apply: mod_esi:do => 
{badarg,[{erlang,iolist_size,
                 [[60,104,116,109,108,62,60,98,111,100,121,62,68,101,116,97,
                   105,108,115,32,102,111,114,58,32,116,101,115,116,64,109,
                   105,99,97,104,99,111,112,112,108,101,46,116,104,119,49,46,
                   115,116,117,100,101,110,116,115,46,108,101,116,110,101,116,
                   46,110,101,116,pong,60,98,114,62,60,97,32,104,114,101,102,
                   61,109,97,105,110,62,66,97,99,107,32,116,111,32,77,97,105,
                   110,60,47,97,62,60,47,98,111,100,121,62,60,47,104,116,109,
                   108,62]]},
         {http_chunk,encode,1},
         {httpd_response,send_chunk,3},
         {mod_esi,handle_body,6},
         {mod_esi,erl_scheme_webpage_chunk,5},
         {mod_esi,generate_webpage,7},
         {httpd_response,traverse_modules,2},
         {httpd_response,generate_and_send_response,1}]}
[30/Nov/2009:22:05:54 -0600], traverse exit from apply: mod_esi:do => 
{badarg,[{erlang,iolist_size,
                 [[60,104,116,109,108,62,60,98,111,100,121,62,68,101,116,97,
                   105,108,115,32,102,111,114,58,32,116,101,115,116,64,109,
                   105,99,97,104,99,111,112,112,108,101,46,116,104,119,49,46,
                   115,116,117,100,101,110,116,115,46,108,101,116,110,101,116,
                   46,110,101,116,pong,60,98,114,62,60,97,32,104,114,101,102,
                   61,109,97,105,110,62,66,97,99,107,32,116,111,32,77,97,105,
                   110,60,47,97,62,60,47,98,111,100,121,62,60,47,104,116,109,
                   108,62]]},
         {http_chunk,encode,1},
         {httpd_response,send_chunk,3},
         {mod_esi,handle_body,6},
         {mod_esi,erl_scheme_webpage_chunk,5},
         {mod_esi,generate_webpage,7},
         {httpd_response,traverse_modules,2},
         {httpd_response,generate_and_send_response,1}]}
[30/Nov/2009:22:06:00 -0600], traverse exit from apply: mod_esi:do => 
{badarg,[{erlang,iolist_size,
                 [[60,104,116,109,108,62,60,98,111,100,121,62,68,101,116,97,
                   105,108,115,32,102,111,114,58,32,39,116,101,115,116,50,64,
                   109,105,99,97,104,99,111,112,112,108,101,46,116,104,119,49,
                   46,115,116,117,100,101,110,116,115,46,108,101,116,110,101,
                   116,46,110,101,116,39,pang,60,98,114,62,60,97,32,104,114,
                   101,102,61,109,97,105,110,62,66,97,99,107,32,116,111,32,77,
                   97,105,110,60,47,97,62,60,47,98,111,100,121,62,60,47,104,
                   116,109,108,62]]},
         {http_chunk,encode,1},
         {httpd_response,send_chunk,3},
         {mod_esi,handle_body,6},
         {mod_esi,erl_scheme_webpage_chunk,5},
         {mod_esi,generate_webpage,7},
         {httpd_response,traverse_modules,2},
         {httpd_response,generate_and_send_response,1}]}
[30/Nov/2009:22:06:00 -0600], traverse exit from apply: mod_esi:do => 
{badarg,[{erlang,iolist_size,
                 [[60,104,116,109,108,62,60,98,111,100,121,62,68,101,116,97,
                   105,108,115,32,102,111,114,58,32,39,116,101,115,116,50,64,
                   109,105,99,97,104,99,111,112,112,108,101,46,116,104,119,49,
                   46,115,116,117,100,101,110,116,115,46,108,101,116,110,101,
                   116,46,110,101,116,39,pang,60,98,114,62,60,97,32,104,114,
                   101,102,61,109,97,105,110,62,66,97,99,107,32,116,111,32,77,
                   97,105,110,60,47,97,62,60,47,98,111,100,121,62,60,47,104,
                   116,109,108,62]]},
         {http_chunk,encode,1},
         {httpd_response,send_chunk,3},
         {mod_esi,handle_body,6},
         {mod_esi,erl_scheme_webpage_chunk,5},
         {mod_esi,generate_webpage,7},
         {httpd_response,traverse_modules,2},
         {httpd_response,generate_and_send_response,1}]}
[30/Nov/2009:22:06:18 -0600] access to /favicon.ico failed for 0:0:0:0:0:FFFF:7F00:1 reason: 
"httpd_file: Can't accesswww/favicon.ico"
[30/Nov/2009:22:07:31 -0600] access to /favicon.ico failed for 0:0:0:0:0:FFFF:7F00:1 reason: 
"httpd_file: Can't accesswww/favicon.ico"
[30/Nov/2009:22:09:09 -0600] access to /favicon.ico failed for 0:0:0:0:0:FFFF:7F00:1 reason: 
"httpd_file: Can't accesswww/favicon.ico"
[30/Nov/2009:22:09:10 -0600], traverse exit from apply: mod_esi:do => 
{mod_esi_linked_process_died,<0.831.0>,normal}
[30/Nov/2009:22:09:10 -0600], traverse exit from apply: mod_esi:do => 
{mod_esi_linked_process_died,<0.833.0>,normal}
[30/Nov/2009:22:09:10 -0600], traverse exit from apply: mod_esi:do => 
{mod_esi_linked_process_died,<0.835.0>,normal}
[30/Nov/2009:22:09:10 -0600], traverse exit from apply: mod_esi:do => 
{mod_esi_linked_process_died,<0.837.0>,normal}
[30/Nov/2009:22:09:10 -0600], traverse exit from apply: mod_esi:do => 
{mod_esi_linked_process_died,<0.839.0>,normal}
[30/Nov/2009:22:09:13 -0600], traverse exit from apply: mod_esi:do => 
{mod_esi_linked_process_died,<0.841.0>,normal}
[30/Nov/2009:22:09:13 -0600], traverse exit from apply: mod_esi:do => 
{mod_esi_linked_process_died,<0.843.0>,normal}
[30/Nov/2009:22:09:13 -0600], traverse exit from apply: mod_esi:do => 
{mod_esi_linked_process_died,<0.845.0>,normal}
[30/Nov/2009:22:09:13 -0600], traverse exit from apply: mod_esi:do => 
{mod_esi_linked_process_died,<0.847.0>,normal}
[30/Nov/2009:22:09:13 -0600], traverse exit from apply: mod_esi:do => 
{mod_esi_linked_process_died,<0.849.0>,normal}
[30/Nov/2009:22:12:56 -0600] access to /favicon.ico failed for 0:0:0:0:0:FFFF:7F00:1 reason: 
"httpd_file: Can't accesswww/favicon.ico"
[30/Nov/2009:22:15:01 -0600] access to /favicon.ico failed for 0:0:0:0:0:FFFF:7F00:1 reason: 
"httpd_file: Can't accesswww/favicon.ico"
[30/Nov/2009:22:16:44 -0600] access to /favicon.ico failed for 0:0:0:0:0:FFFF:7F00:1 reason: 
"httpd_file: Can't accesswww/favicon.ico"
[30/Nov/2009:22:16:45 -0600] access to /erl/monitor/add? failed for 0:0:0:0:0:FFFF:7F00:1 reason: 
"Not found"
[30/Nov/2009:22:17:17 -0600] access to /erl/monitor/add? failed for 0:0:0:0:0:FFFF:7F00:1 reason: 
"Not found"
[30/Nov/2009:22:17:21 -0600] access to /favicon.ico failed for 0:0:0:0:0:FFFF:7F00:1 reason: 
"httpd_file: Can't accesswww/favicon.ico"
[30/Nov/2009:22:17:23 -0600] access to /erl/monitor/add?node=test failed for 0:0:0:0:0:FFFF:7F00:1 reason: 
"Not found"
[30/Nov/2009:22:36:25 -0600] access to /favicon.ico failed for 0:0:0:0:0:FFFF:7F00:1 reason: 
"httpd_file: Can't accesswww/favicon.ico"
[30/Nov/2009:22:36:27 -0600] access to /erl/monitor/add?node=test failed for 0:0:0:0:0:FFFF:7F00:1 reason: 
"Not found"
[30/Nov/2009:22:37:50 -0600], traverse exit from apply: mod_esi:do => 
{mod_esi_linked_process_died,<0.957.0>,normal}
[30/Nov/2009:22:38:15 -0600], traverse exit from apply: mod_esi:do => 
{mod_esi_linked_process_died,<0.964.0>,normal}
[30/Nov/2009:22:38:20 -0600], traverse exit from apply: mod_esi:do => 
{mod_esi_linked_process_died,<0.966.0>,normal}
[30/Nov/2009:22:38:20 -0600] access to /favicon.ico failed for 0:0:0:0:0:FFFF:7F00:1 reason: 
"httpd_file: Can't accesswww/favicon.ico"
[30/Nov/2009:22:40:54 -0600], traverse exit from apply: mod_esi:do => 
{mod_esi_linked_process_died,<0.1002.0>,normal}
[30/Nov/2009:22:40:54 -0600] access to /favicon.ico failed for 0:0:0:0:0:FFFF:7F00:1 reason: 
"httpd_file: Can't accesswww/favicon.ico"
[30/Nov/2009:22:40:55 -0600], traverse exit from apply: mod_esi:do => 
{mod_esi_linked_process_died,<0.1005.0>,normal}
[30/Nov/2009:22:40:56 -0600], traverse exit from apply: mod_esi:do => 
{mod_esi_linked_process_died,<0.1007.0>,normal}
[30/Nov/2009:22:40:57 -0600], traverse exit from apply: mod_esi:do => 
{mod_esi_linked_process_died,<0.1009.0>,normal}
[30/Nov/2009:22:40:57 -0600], traverse exit from apply: mod_esi:do => 
{mod_esi_linked_process_died,<0.1011.0>,normal}
[30/Nov/2009:22:41:37 -0600], traverse exit from apply: mod_esi:do => 
{mod_esi_linked_process_died,<0.1013.0>,normal}
[30/Nov/2009:22:41:37 -0600], traverse exit from apply: mod_esi:do => 
{mod_esi_linked_process_died,<0.1016.0>,normal}
[30/Nov/2009:22:41:38 -0600], traverse exit from apply: mod_esi:do => 
{mod_esi_linked_process_died,<0.1019.0>,normal}
[30/Nov/2009:22:41:38 -0600], traverse exit from apply: mod_esi:do => 
{mod_esi_linked_process_died,<0.1022.0>,normal}
[30/Nov/2009:22:41:39 -0600], traverse exit from apply: mod_esi:do => 
{mod_esi_linked_process_died,<0.1025.0>,normal}
[30/Nov/2009:22:41:39 -0600], traverse exit from apply: mod_esi:do => 
{mod_esi_linked_process_died,<0.1028.0>,normal}
[30/Nov/2009:22:41:40 -0600], traverse exit from apply: mod_esi:do => 
{mod_esi_linked_process_died,<0.1031.0>,normal}
[30/Nov/2009:22:41:41 -0600], traverse exit from apply: mod_esi:do => 
{mod_esi_linked_process_died,<0.1034.0>,normal}
[30/Nov/2009:22:41:42 -0600], traverse exit from apply: mod_esi:do => 
{mod_esi_linked_process_died,<0.1037.0>,normal}
[30/Nov/2009:22:41:43 -0600], traverse exit from apply: mod_esi:do => 
{mod_esi_linked_process_died,<0.1040.0>,normal}
[30/Nov/2009:22:48:01 -0600], traverse exit from apply: mod_esi:do => 
{mod_esi_linked_process_died,<0.1125.0>,normal}
[30/Nov/2009:22:48:10 -0600], traverse exit from apply: mod_esi:do => 
{mod_esi_linked_process_died,<0.1136.0>,normal}
[30/Nov/2009:22:48:27 -0600], traverse exit from apply: mod_esi:do => 
{mod_esi_linked_process_died,<0.1163.0>,normal}
[30/Nov/2009:22:48:31 -0600], traverse exit from apply: mod_esi:do => 
{mod_esi_linked_process_died,<0.1172.0>,normal}
[30/Nov/2009:22:48:35 -0600], traverse exit from apply: mod_esi:do => 
{mod_esi_linked_process_died,<0.1175.0>,normal}
[30/Nov/2009:22:48:36 -0600], traverse exit from apply: mod_esi:do => 
{mod_esi_linked_process_died,<0.1178.0>,normal}
[30/Nov/2009:22:48:54 -0600], traverse exit from apply: mod_esi:do => 
{mod_esi_linked_process_died,<0.1181.0>,normal}
[30/Nov/2009:22:49:34 -0600], traverse exit from apply: mod_esi:do => 
{mod_esi_linked_process_died,<0.1202.0>,normal}
[30/Nov/2009:22:49:36 -0600], traverse exit from apply: mod_esi:do => 
{mod_esi_linked_process_died,<0.1205.0>,normal}
[30/Nov/2009:22:49:37 -0600], traverse exit from apply: mod_esi:do => 
{mod_esi_linked_process_died,<0.1208.0>,normal}
[30/Nov/2009:22:49:37 -0600], traverse exit from apply: mod_esi:do => 
{mod_esi_linked_process_died,<0.1211.0>,normal}
[30/Nov/2009:22:49:39 -0600], traverse exit from apply: mod_esi:do => 
{mod_esi_linked_process_died,<0.1214.0>,normal}
[30/Nov/2009:22:49:39 -0600], traverse exit from apply: mod_esi:do => 
{mod_esi_linked_process_died,<0.1216.0>,normal}
[30/Nov/2009:22:49:39 -0600], traverse exit from apply: mod_esi:do => 
{mod_esi_linked_process_died,<0.1218.0>,normal}
[30/Nov/2009:22:49:39 -0600], traverse exit from apply: mod_esi:do => 
{mod_esi_linked_process_died,<0.1220.0>,normal}
[30/Nov/2009:22:49:39 -0600], traverse exit from apply: mod_esi:do => 
{mod_esi_linked_process_died,<0.1222.0>,normal}
[30/Nov/2009:22:49:41 -0600], traverse exit from apply: mod_esi:do => 
{mod_esi_linked_process_died,<0.1224.0>,normal}
[30/Nov/2009:22:49:43 -0600], traverse exit from apply: mod_esi:do => 
{mod_esi_linked_process_died,<0.1227.0>,normal}
[30/Nov/2009:22:49:43 -0600], traverse exit from apply: mod_esi:do => 
{mod_esi_linked_process_died,<0.1229.0>,normal}
[30/Nov/2009:22:49:43 -0600], traverse exit from apply: mod_esi:do => 
{mod_esi_linked_process_died,<0.1231.0>,normal}
[30/Nov/2009:22:49:43 -0600], traverse exit from apply: mod_esi:do => 
{mod_esi_linked_process_died,<0.1233.0>,normal}
[30/Nov/2009:22:49:43 -0600], traverse exit from apply: mod_esi:do => 
{mod_esi_linked_process_died,<0.1235.0>,normal}
[30/Nov/2009:22:49:58 -0600], traverse exit from apply: mod_esi:do => 
{mod_esi_linked_process_died,<0.1242.0>,normal}
[30/Nov/2009:22:49:58 -0600], traverse exit from apply: mod_esi:do => 
{mod_esi_linked_process_died,<0.1244.0>,normal}
[30/Nov/2009:22:49:58 -0600], traverse exit from apply: mod_esi:do => 
{mod_esi_linked_process_died,<0.1246.0>,normal}
[30/Nov/2009:22:49:58 -0600], traverse exit from apply: mod_esi:do => 
{mod_esi_linked_process_died,<0.1248.0>,normal}
[30/Nov/2009:22:49:58 -0600], traverse exit from apply: mod_esi:do => 
{mod_esi_linked_process_died,<0.1250.0>,normal}
[30/Nov/2009:22:50:00 -0600], traverse exit from apply: mod_esi:do => 
{mod_esi_linked_process_died,<0.1252.0>,normal}
[30/Nov/2009:22:50:00 -0600], traverse exit from apply: mod_esi:do => 
{mod_esi_linked_process_died,<0.1254.0>,normal}
[30/Nov/2009:22:50:00 -0600], traverse exit from apply: mod_esi:do => 
{mod_esi_linked_process_died,<0.1256.0>,normal}
[30/Nov/2009:22:50:00 -0600], traverse exit from apply: mod_esi:do => 
{mod_esi_linked_process_died,<0.1258.0>,normal}
[30/Nov/2009:22:50:00 -0600], traverse exit from apply: mod_esi:do => 
{mod_esi_linked_process_died,<0.1260.0>,normal}
[30/Nov/2009:22:50:14 -0600], traverse exit from apply: mod_esi:do => 
{mod_esi_linked_process_died,<0.1265.0>,normal}
[30/Nov/2009:22:50:29 -0600], traverse exit from apply: mod_esi:do => 
{mod_esi_linked_process_died,<0.1285.0>,normal}
[30/Nov/2009:22:50:31 -0600], traverse exit from apply: mod_esi:do => 
{mod_esi_linked_process_died,<0.1287.0>,normal}
[30/Nov/2009:22:57:49 -0600], traverse exit from apply: mod_esi:do => 
{badarg,[{erlang,iolist_size,
                 [[60,104,116,109,108,62,60,98,111,100,121,62,87,104,97,116,
                   63,32,110,111,100,101,61,116,101,115,116,n,o,d,e,'=',60,98,
                   114,62,60,97,32,104,114,101,102,61,109,97,105,110,62,66,97,
                   99,107,32,116,111,32,77,97,105,110,60,47,97,62,60,47,98,
                   111,100,121,62,60,47,104,116,109,108,62]]},
         {http_chunk,encode,1},
         {httpd_response,send_chunk,3},
         {mod_esi,handle_body,6},
         {mod_esi,erl_scheme_webpage_chunk,5},
         {mod_esi,generate_webpage,7},
         {httpd_response,traverse_modules,2},
         {httpd_response,generate_and_send_response,1}]}
[30/Nov/2009:22:57:52 -0600], traverse exit from apply: mod_esi:do => 
{badarg,[{erlang,iolist_size,
                 [[60,104,116,109,108,62,60,98,111,100,121,62,87,104,97,116,
                   63,32,110,111,100,101,61,116,101,115,116,50,n,o,d,e,'=',60,
                   98,114,62,60,97,32,104,114,101,102,61,109,97,105,110,62,66,
                   97,99,107,32,116,111,32,77,97,105,110,60,47,97,62,60,47,98,
                   111,100,121,62,60,47,104,116,109,108,62]]},
         {http_chunk,encode,1},
         {httpd_response,send_chunk,3},
         {mod_esi,handle_body,6},
         {mod_esi,erl_scheme_webpage_chunk,5},
         {mod_esi,generate_webpage,7},
         {httpd_response,traverse_modules,2},
         {httpd_response,generate_and_send_response,1}]}
[30/Nov/2009:22:58:03 -0600], traverse exit from apply: mod_esi:do => 
{badarg,[{erlang,iolist_size,
                 [[60,104,116,109,108,62,60,98,111,100,121,62,87,104,97,116,
                   63,32,110,111,100,101,61,43,49,50,51,52,n,o,d,e,'=',60,98,
                   114,62,60,97,32,104,114,101,102,61,109,97,105,110,62,66,97,
                   99,107,32,116,111,32,77,97,105,110,60,47,97,62,60,47,98,
                   111,100,121,62,60,47,104,116,109,108,62]]},
         {http_chunk,encode,1},
         {httpd_response,send_chunk,3},
         {mod_esi,handle_body,6},
         {mod_esi,erl_scheme_webpage_chunk,5},
         {mod_esi,generate_webpage,7},
         {httpd_response,traverse_modules,2},
         {httpd_response,generate_and_send_response,1}]}
[30/Nov/2009:22:58:06 -0600], traverse exit from apply: mod_esi:do => 
{badarg,[{erlang,iolist_size,
                 [[60,104,116,109,108,62,60,98,111,100,121,62,87,104,97,116,
                   63,32,110,111,100,101,61,49,50,51,52,n,o,d,e,'=',60,98,114,
                   62,60,97,32,104,114,101,102,61,109,97,105,110,62,66,97,99,
                   107,32,116,111,32,77,97,105,110,60,47,97,62,60,47,98,111,
                   100,121,62,60,47,104,116,109,108,62]]},
         {http_chunk,encode,1},
         {httpd_response,send_chunk,3},
         {mod_esi,handle_body,6},
         {mod_esi,erl_scheme_webpage_chunk,5},
         {mod_esi,generate_webpage,7},
         {httpd_response,traverse_modules,2},
         {httpd_response,generate_and_send_response,1}]}
[30/Nov/2009:22:58:06 -0600], traverse exit from apply: mod_esi:do => 
{badarg,[{erlang,iolist_size,
                 [[60,104,116,109,108,62,60,98,111,100,121,62,87,104,97,116,
                   63,32,110,111,100,101,61,49,50,51,52,n,o,d,e,'=',60,98,114,
                   62,60,97,32,104,114,101,102,61,109,97,105,110,62,66,97,99,
                   107,32,116,111,32,77,97,105,110,60,47,97,62,60,47,98,111,
                   100,121,62,60,47,104,116,109,108,62]]},
         {http_chunk,encode,1},
         {httpd_response,send_chunk,3},
         {mod_esi,handle_body,6},
         {mod_esi,erl_scheme_webpage_chunk,5},
         {mod_esi,generate_webpage,7},
         {httpd_response,traverse_modules,2},
         {httpd_response,generate_and_send_response,1}]}
[30/Nov/2009:22:58:10 -0600], traverse exit from apply: mod_esi:do => 
{badarg,[{erlang,iolist_size,
                 [[60,104,116,109,108,62,60,98,111,100,121,62,87,104,97,116,
                   63,32,110,111,100,101,61,97,115,100,102,97,115,100,102,n,o,
                   d,e,'=',60,98,114,62,60,97,32,104,114,101,102,61,109,97,
                   105,110,62,66,97,99,107,32,116,111,32,77,97,105,110,60,47,
                   97,62,60,47,98,111,100,121,62,60,47,104,116,109,108,62]]},
         {http_chunk,encode,1},
         {httpd_response,send_chunk,3},
         {mod_esi,handle_body,6},
         {mod_esi,erl_scheme_webpage_chunk,5},
         {mod_esi,generate_webpage,7},
         {httpd_response,traverse_modules,2},
         {httpd_response,generate_and_send_response,1}]}
[30/Nov/2009:22:58:12 -0600], traverse exit from apply: mod_esi:do => 
{badarg,[{erlang,iolist_size,
                 [[60,104,116,109,108,62,60,98,111,100,121,62,87,104,97,116,
                   63,32,110,111,100,101,61,97,115,100,102,97,115,100,102,n,o,
                   d,e,'=',60,98,114,62,60,97,32,104,114,101,102,61,109,97,
                   105,110,62,66,97,99,107,32,116,111,32,77,97,105,110,60,47,
                   97,62,60,47,98,111,100,121,62,60,47,104,116,109,108,62]]},
         {http_chunk,encode,1},
         {httpd_response,send_chunk,3},
         {mod_esi,handle_body,6},
         {mod_esi,erl_scheme_webpage_chunk,5},
         {mod_esi,generate_webpage,7},
         {httpd_response,traverse_modules,2},
         {httpd_response,generate_and_send_response,1}]}
[30/Nov/2009:22:58:27 -0600], traverse exit from apply: mod_esi:do => 
{badarg,[{erlang,iolist_size,
                 [[60,104,116,109,108,62,60,98,111,100,121,62,87,104,97,116,
                   63,32,110,111,100,101,61,97,115,100,102,97,115,100,102,n,
                   60,98,114,62,60,97,32,104,114,101,102,61,109,97,105,110,62,
                   66,97,99,107,32,116,111,32,77,97,105,110,60,47,97,62,60,47,
                   98,111,100,121,62,60,47,104,116,109,108,62]]},
         {http_chunk,encode,1},
         {httpd_response,send_chunk,3},
         {mod_esi,handle_body,6},
         {mod_esi,erl_scheme_webpage_chunk,5},
         {mod_esi,generate_webpage,7},
         {httpd_response,traverse_modules,2},
         {httpd_response,generate_and_send_response,1}]}
[30/Nov/2009:22:58:37 -0600], traverse exit from apply: mod_esi:do => 
{badarg,[{erlang,iolist_size,
                 [[60,104,116,109,108,62,60,98,111,100,121,62,87,104,97,116,
                   63,32,110,111,100,101,61,97,115,100,102,97,115,100,102,n,
                   60,98,114,62,60,97,32,104,114,101,102,61,109,97,105,110,62,
                   66,97,99,107,32,116,111,32,77,97,105,110,60,47,97,62,60,47,
                   98,111,100,121,62,60,47,104,116,109,108,62]]},
         {http_chunk,encode,1},
         {httpd_response,send_chunk,3},
         {mod_esi,handle_body,6},
         {mod_esi,erl_scheme_webpage_chunk,5},
         {mod_esi,generate_webpage,7},
         {httpd_response,traverse_modules,2},
         {httpd_response,generate_and_send_response,1}]}
[30/Nov/2009:22:58:43 -0600], traverse exit from apply: mod_esi:do => 
{badarg,[{erlang,iolist_size,
                 [[60,104,116,109,108,62,60,98,111,100,121,62,87,104,97,116,
                   63,32,110,111,100,101,61,97,97,115,100,102,97,115,100,102,
                   n,60,98,114,62,60,97,32,104,114,101,102,61,109,97,105,110,
                   62,66,97,99,107,32,116,111,32,77,97,105,110,60,47,97,62,60,
                   47,98,111,100,121,62,60,47,104,116,109,108,62]]},
         {http_chunk,encode,1},
         {httpd_response,send_chunk,3},
         {mod_esi,handle_body,6},
         {mod_esi,erl_scheme_webpage_chunk,5},
         {mod_esi,generate_webpage,7},
         {httpd_response,traverse_modules,2},
         {httpd_response,generate_and_send_response,1}]}
[03/Dec/2009:15:25:52 -0600] access to /erl/monitor/main failed for 0:0:0:0:0:FFFF:7F00:1 reason: 
"Not found"
[03/Dec/2009:15:25:54 -0600] access to /erl/monitor/main failed for 0:0:0:0:0:FFFF:7F00:1 reason: 
"Not found"
[03/Dec/2009:15:26:29 -0600] access to /erl/monitor/main failed for 0:0:0:0:0:FFFF:7F00:1 reason: 
"Not found"
[03/Dec/2009:15:27:11 -0600] access to /erl/monitor/main failed for 0:0:0:0:0:FFFF:7F00:1 reason: 
"Not found"
[03/Dec/2009:15:27:12 -0600] access to /erl/monitor/main failed for 0:0:0:0:0:FFFF:7F00:1 reason: 
"Not found"
