0:0:0:0:0:FFFF:7F00:1 - - [30/Nov/2009:16:56:17 -0600] "GET /erl/monitor:service HTTP/1.0" 200 39
0:0:0:0:0:FFFF:7F00:1 - - [30/Nov/2009:17:52:08 -0600] "GET /erl/monitor:service HTTP/1.1" 200 39
0:0:0:0:0:FFFF:7F00:1 - - [30/Nov/2009:17:52:41 -0600] "GET /erl/monitor:service HTTP/1.1" 200 39
0:0:0:0:0:FFFF:7F00:1 - - [30/Nov/2009:17:52:41 -0600] "GET /favicon.ico HTTP/1.1" 404 0
0:0:0:0:0:FFFF:7F00:1 - - [30/Nov/2009:17:53:37 -0600] "GET /erl/monitor:service HTTP/1.1" 200 39
0:0:0:0:0:FFFF:7F00:1 - - [30/Nov/2009:17:53:37 -0600] "GET /favicon.ico HTTP/1.1" 404 0
0:0:0:0:0:FFFF:7F00:1 - - [30/Nov/2009:17:53:39 -0600] "GET /erl/monitor:service HTTP/1.1" 200 39
0:0:0:0:0:FFFF:7F00:1 - - [30/Nov/2009:17:53:39 -0600] "GET /favicon.ico HTTP/1.1" 404 0
0:0:0:0:0:FFFF:7F00:1 - - [30/Nov/2009:17:53:43 -0600] "GET /erl/monitor:service HTTP/1.1" 200 39
0:0:0:0:0:FFFF:7F00:1 - - [30/Nov/2009:17:53:43 -0600] "GET /favicon.ico HTTP/1.1" 404 0
0:0:0:0:0:FFFF:7F00:1 - - [30/Nov/2009:17:54:48 -0600] "GET /erl/monitor:service HTTP/1.1" 200 40
0:0:0:0:0:FFFF:7F00:1 - - [30/Nov/2009:17:54:48 -0600] "GET /favicon.ico HTTP/1.1" 404 0
0:0:0:0:0:FFFF:7F00:1 - - [30/Nov/2009:17:57:51 -0600] "GET /erl/monitor/service HTTP/1.1" 200 40
0:0:0:0:0:FFFF:7F00:1 - - [30/Nov/2009:18:03:53 -0600] "GET /erl/monitor/service HTTP/1.1" 200 40
0:0:0:0:0:FFFF:7F00:1 - - [30/Nov/2009:18:03:53 -0600] "GET /favicon.ico HTTP/1.1" 404 0
0:0:0:0:0:FFFF:7F00:1 - - [30/Nov/2009:18:03:56 -0600] "GET /erl/monitor:service HTTP/1.1" 200 40
0:0:0:0:0:FFFF:7F00:1 - - [30/Nov/2009:18:03:56 -0600] "GET /favicon.ico HTTP/1.1" 404 0
0:0:0:0:0:FFFF:7F00:1 - - [30/Nov/2009:18:04:14 -0600] "GET /erl/monitor:service HTTP/1.1" 200 40
0:0:0:0:0:FFFF:7F00:1 - - [30/Nov/2009:18:04:14 -0600] "GET /favicon.ico HTTP/1.1" 404 0
0:0:0:0:0:FFFF:7F00:1 - - [30/Nov/2009:18:04:16 -0600] "GET /erl/monitor/service HTTP/1.1" 200 40
0:0:0:0:0:FFFF:7F00:1 - - [30/Nov/2009:18:04:16 -0600] "GET /favicon.ico HTTP/1.1" 404 0
0:0:0:0:0:FFFF:7F00:1 - - [30/Nov/2009:18:11:15 -0600] "GET /erl/monitor/service " 200 40
0:0:0:0:0:FFFF:7F00:1 - - [30/Nov/2009:18:15:30 -0600] "GET /erl/monitor/service HTTP/1.1" 200 40
0:0:0:0:0:FFFF:7F00:1 - - [30/Nov/2009:18:15:31 -0600] "GET /erl/monitor/service HTTP/1.1" 200 40
0:0:0:0:0:FFFF:7F00:1 - - [30/Nov/2009:18:15:35 -0600] "GET /erl/monitor/service HTTP/1.1" 200 40
0:0:0:0:0:FFFF:7F00:1 - - [30/Nov/2009:18:15:36 -0600] "GET /erl/monitor/service HTTP/1.1" 200 40
0:0:0:0:0:FFFF:7F00:1 - - [30/Nov/2009:18:15:38 -0600] "GET /erl/monitor/service HTTP/1.1" 200 40
0:0:0:0:0:FFFF:7F00:1 - - [30/Nov/2009:18:56:05 -0600] "GET /erl/monitor/service HTTP/1.1" 200 40
0:0:0:0:0:FFFF:7F00:1 - - [30/Nov/2009:18:56:05 -0600] "GET /favicon.ico HTTP/1.1" 404 0
0:0:0:0:0:FFFF:7F00:1 - - [30/Nov/2009:18:56:07 -0600] "GET /erl/monitor:service HTTP/1.1" 200 40
0:0:0:0:0:FFFF:7F00:1 - - [30/Nov/2009:18:56:07 -0600] "GET /favicon.ico HTTP/1.1" 404 0
0:0:0:0:0:FFFF:7F00:1 - - [30/Nov/2009:18:57:38 -0600] "GET /erl/monitor/service " 200 50
0:0:0:0:0:FFFF:7F00:1 - - [30/Nov/2009:18:58:25 -0600] "GET erl/monitor/service " 404 0
0:0:0:0:0:FFFF:7F00:1 - - [30/Nov/2009:18:58:32 -0600] "GET  " 200 228
0:0:0:0:0:FFFF:7F00:1 - - [30/Nov/2009:18:58:47 -0600] "GET /erl/monitor/ervice " 404 0
0:0:0:0:0:FFFF:7F00:1 - - [30/Nov/2009:18:59:17 -0600] "GET /erl/monitor/service " 200 48
0:0:0:0:0:FFFF:7F00:1 - - [30/Nov/2009:19:02:21 -0600] "GET /erl/monitor:service HTTP/1.1" 200 40
0:0:0:0:0:FFFF:7F00:1 - - [30/Nov/2009:19:02:21 -0600] "GET /favicon.ico HTTP/1.1" 404 0
0:0:0:0:0:FFFF:7F00:1 - - [30/Nov/2009:19:02:28 -0600] "GET /erl/monitor:service?test HTTP/1.1" 200 44
0:0:0:0:0:FFFF:7F00:1 - - [30/Nov/2009:19:02:43 -0600] "GET /erl/monitor:service?test HTTP/1.1" 200 44
0:0:0:0:0:FFFF:7F00:1 - - [30/Nov/2009:19:02:43 -0600] "GET /favicon.ico HTTP/1.1" 404 0
0:0:0:0:0:FFFF:7F00:1 - - [30/Nov/2009:19:03:10 -0600] "GET /erl/monitor:service?test HTTP/1.1" 200 40
0:0:0:0:0:FFFF:7F00:1 - - [30/Nov/2009:19:03:10 -0600] "GET /favicon.ico HTTP/1.1" 404 0
0:0:0:0:0:FFFF:7F00:1 - - [30/Nov/2009:19:05:12 -0600] "GET /erl/monitor/service HTTP/1.1" 200 40
0:0:0:0:0:FFFF:7F00:1 - - [30/Nov/2009:19:05:12 -0600] "GET /favicon.ico HTTP/1.1" 404 0
0:0:0:0:0:FFFF:7F00:1 - - [30/Nov/2009:19:05:33 -0600] "GET /erl/monitor/service HTTP/1.1" 200 40
0:0:0:0:0:FFFF:7F00:1 - - [30/Nov/2009:19:05:33 -0600] "GET /favicon.ico HTTP/1.1" 404 0
0:0:0:0:0:FFFF:7F00:1 - - [30/Nov/2009:19:05:34 -0600] "GET /erl/monitor/service HTTP/1.1" 200 40
0:0:0:0:0:FFFF:7F00:1 - - [30/Nov/2009:19:05:34 -0600] "GET /favicon.ico HTTP/1.1" 404 0
0:0:0:0:0:FFFF:7F00:1 - - [30/Nov/2009:19:05:43 -0600] "GET /erl/monitor/service?test HTTP/1.1" 200 44
0:0:0:0:0:FFFF:7F00:1 - - [30/Nov/2009:19:06:07 -0600] "GET /erl/monitor/service?test HTTP/1.1" 200 40
0:0:0:0:0:FFFF:7F00:1 - - [30/Nov/2009:19:06:07 -0600] "GET /favicon.ico HTTP/1.1" 404 0
0:0:0:0:0:FFFF:7F00:1 - - [30/Nov/2009:19:06:09 -0600] "GET /erl/monitor/service?test HTTP/1.1" 200 40
0:0:0:0:0:FFFF:7F00:1 - - [30/Nov/2009:19:06:09 -0600] "GET /favicon.ico HTTP/1.1" 404 0
0:0:0:0:0:FFFF:7F00:1 - - [30/Nov/2009:19:07:16 -0600] "GET /erl/monitor/service?test HTTP/1.1" 200 40
0:0:0:0:0:FFFF:7F00:1 - - [30/Nov/2009:19:07:16 -0600] "GET /favicon.ico HTTP/1.1" 404 0
0:0:0:0:0:FFFF:7F00:1 - - [30/Nov/2009:19:10:18 -0600] "GET /erl/monitor/service " 200 41
0:0:0:0:0:FFFF:7F00:1 - - [30/Nov/2009:19:11:11 -0600] "GET /erl/monitor/service?test HTTP/1.1" 200 44
0:0:0:0:0:FFFF:7F00:1 - - [30/Nov/2009:19:11:11 -0600] "GET /favicon.ico HTTP/1.1" 404 0
0:0:0:0:0:FFFF:7F00:1 - - [30/Nov/2009:19:11:16 -0600] "GET /erl/monitor/service HTTP/1.1" 200 44
0:0:0:0:0:FFFF:7F00:1 - - [30/Nov/2009:19:17:09 -0600] "GET /erl/monitor/service HTTP/1.1" 200 44
0:0:0:0:0:FFFF:7F00:1 - - [30/Nov/2009:19:17:09 -0600] "GET /favicon.ico HTTP/1.1" 404 0
0:0:0:0:0:FFFF:7F00:1 - - [30/Nov/2009:19:17:11 -0600] "GET /erl/monitor/service HTTP/1.1" 200 44
0:0:0:0:0:FFFF:7F00:1 - - [30/Nov/2009:19:17:11 -0600] "GET /favicon.ico HTTP/1.1" 404 0
0:0:0:0:0:FFFF:7F00:1 - - [30/Nov/2009:19:17:26 -0600] "GET /erl/monitor/service HTTP/1.1" 200 45
0:0:0:0:0:FFFF:7F00:1 - - [30/Nov/2009:19:17:26 -0600] "GET /favicon.ico HTTP/1.1" 404 0
0:0:0:0:0:FFFF:7F00:1 - - [30/Nov/2009:19:32:32 -0600] "GET /favicon.ico HTTP/1.1" 404 0
0:0:0:0:0:FFFF:7F00:1 - - [30/Nov/2009:19:33:02 -0600] "GET /erl/monitor/er " 404 0
0:0:0:0:0:FFFF:7F00:1 - - [30/Nov/2009:19:34:26 -0600] "GET /erl/monitor/service HTTP/1.1" 200 41
0:0:0:0:0:FFFF:7F00:1 - - [30/Nov/2009:19:34:26 -0600] "GET /favicon.ico HTTP/1.1" 404 0
0:0:0:0:0:FFFF:7F00:1 - - [30/Nov/2009:19:34:42 -0600] "GET /erl/monitor/service HTTP/1.1" 200 41
0:0:0:0:0:FFFF:7F00:1 - - [30/Nov/2009:19:34:42 -0600] "GET /favicon.ico HTTP/1.1" 404 0
0:0:0:0:0:FFFF:7F00:1 - - [30/Nov/2009:19:34:44 -0600] "GET /erl/monitor/service HTTP/1.1" 200 41
0:0:0:0:0:FFFF:7F00:1 - - [30/Nov/2009:19:34:44 -0600] "GET /favicon.ico HTTP/1.1" 404 0
0:0:0:0:0:FFFF:7F00:1 - - [30/Nov/2009:19:35:02 -0600] "GET /erl/monitor/service HTTP/1.1" 200 43
0:0:0:0:0:FFFF:7F00:1 - - [30/Nov/2009:19:35:02 -0600] "GET /favicon.ico HTTP/1.1" 404 0
0:0:0:0:0:FFFF:7F00:1 - - [30/Nov/2009:19:35:35 -0600] "GET /erl/monitor/service HTTP/1.1" 200 85
0:0:0:0:0:FFFF:7F00:1 - - [30/Nov/2009:19:35:35 -0600] "GET /favicon.ico HTTP/1.1" 404 0
0:0:0:0:0:FFFF:7F00:1 - - [30/Nov/2009:19:42:06 -0600] "GET /erl/monitor/service HTTP/1.1" 200 45
0:0:0:0:0:FFFF:7F00:1 - - [30/Nov/2009:19:42:06 -0600] "GET /favicon.ico HTTP/1.1" 404 0
0:0:0:0:0:FFFF:7F00:1 - - [30/Nov/2009:19:42:23 -0600] "GET /erl/monitor/service HTTP/1.1" 200 85
0:0:0:0:0:FFFF:7F00:1 - - [30/Nov/2009:19:42:23 -0600] "GET /favicon.ico HTTP/1.1" 404 0
0:0:0:0:0:FFFF:7F00:1 - - [30/Nov/2009:19:47:21 -0600] "GET /erl/monitor/service HTTP/1.1" 200 130
0:0:0:0:0:FFFF:7F00:1 - - [30/Nov/2009:19:47:21 -0600] "GET /favicon.ico HTTP/1.1" 404 0
0:0:0:0:0:FFFF:7F00:1 - - [30/Nov/2009:19:50:24 -0600] "GET /erl/monitor/service HTTP/1.1" 200 151
0:0:0:0:0:FFFF:7F00:1 - - [30/Nov/2009:19:50:24 -0600] "GET /favicon.ico HTTP/1.1" 404 0
0:0:0:0:0:FFFF:7F00:1 - - [30/Nov/2009:19:54:14 -0600] "GET /favicon.ico HTTP/1.1" 404 0
0:0:0:0:0:FFFF:7F00:1 - - [30/Nov/2009:19:54:16 -0600] "GET /favicon.ico HTTP/1.1" 404 0
0:0:0:0:0:FFFF:7F00:1 - - [30/Nov/2009:19:56:12 -0600] "GET /favicon.ico HTTP/1.1" 404 0
0:0:0:0:0:FFFF:7F00:1 - - [30/Nov/2009:19:56:13 -0600] "GET /favicon.ico HTTP/1.1" 404 0
0:0:0:0:0:FFFF:7F00:1 - - [30/Nov/2009:19:56:29 -0600] "GET /favicon.ico HTTP/1.1" 404 0
0:0:0:0:0:FFFF:7F00:1 - - [30/Nov/2009:19:57:04 -0600] "GET /erl/monitor/service HTTP/1.1" 404 0
0:0:0:0:0:FFFF:7F00:1 - - [30/Nov/2009:19:57:04 -0600] "GET /favicon.ico HTTP/1.1" 404 0
0:0:0:0:0:FFFF:7F00:1 - - [30/Nov/2009:19:57:11 -0600] "GET /erl/monitor/service HTTP/1.1" 404 0
0:0:0:0:0:FFFF:7F00:1 - - [30/Nov/2009:19:57:11 -0600] "GET /favicon.ico HTTP/1.1" 404 0
0:0:0:0:0:FFFF:7F00:1 - - [30/Nov/2009:19:57:12 -0600] "GET /erl/monitor/service HTTP/1.1" 404 0
0:0:0:0:0:FFFF:7F00:1 - - [30/Nov/2009:19:57:12 -0600] "GET /favicon.ico HTTP/1.1" 404 0
0:0:0:0:0:FFFF:7F00:1 - - [30/Nov/2009:19:58:06 -0600] "GET /favicon.ico HTTP/1.1" 404 0
0:0:0:0:0:FFFF:7F00:1 - - [30/Nov/2009:19:58:19 -0600] "GET /favicon.ico HTTP/1.1" 404 0
0:0:0:0:0:FFFF:7F00:1 - - [30/Nov/2009:19:58:44 -0600] "GET /favicon.ico HTTP/1.1" 404 0
0:0:0:0:0:FFFF:7F00:1 - - [30/Nov/2009:19:59:10 -0600] "GET /favicon.ico HTTP/1.1" 404 0
0:0:0:0:0:FFFF:7F00:1 - - [30/Nov/2009:20:00:01 -0600] "GET /erl/monitor/service HTTP/1.1" 200 63
0:0:0:0:0:FFFF:7F00:1 - - [30/Nov/2009:20:00:01 -0600] "GET /favicon.ico HTTP/1.1" 404 0
0:0:0:0:0:FFFF:7F00:1 - - [30/Nov/2009:20:00:18 -0600] "GET /erl/monitor/service HTTP/1.1" 200 64
0:0:0:0:0:FFFF:7F00:1 - - [30/Nov/2009:20:00:18 -0600] "GET /favicon.ico HTTP/1.1" 404 0
0:0:0:0:0:FFFF:7F00:1 - - [30/Nov/2009:20:00:46 -0600] "GET /erl/monitor/service HTTP/1.1" 200 149
0:0:0:0:0:FFFF:7F00:1 - - [30/Nov/2009:20:00:46 -0600] "GET /favicon.ico HTTP/1.1" 404 0
0:0:0:0:0:FFFF:7F00:1 - - [30/Nov/2009:20:01:23 -0600] "GET /erl/monitor/service HTTP/1.1" 200 149
0:0:0:0:0:FFFF:7F00:1 - - [30/Nov/2009:20:01:23 -0600] "GET /favicon.ico HTTP/1.1" 404 0
0:0:0:0:0:FFFF:7F00:1 - - [30/Nov/2009:20:01:30 -0600] "GET /erl/monitor/service HTTP/1.1" 200 167
0:0:0:0:0:FFFF:7F00:1 - - [30/Nov/2009:20:01:30 -0600] "GET /favicon.ico HTTP/1.1" 404 0
0:0:0:0:0:FFFF:7F00:1 - - [30/Nov/2009:20:03:34 -0600] "GET /erl/monitor/service HTTP/1.1" 200 158
0:0:0:0:0:FFFF:7F00:1 - - [30/Nov/2009:20:03:34 -0600] "GET /favicon.ico HTTP/1.1" 404 0
0:0:0:0:0:FFFF:7F00:1 - - [30/Nov/2009:20:44:20 -0600] "GET /erl/monitor:service HTTP/1.1" 200 158
0:0:0:0:0:FFFF:7F00:1 - - [30/Nov/2009:20:44:20 -0600] "GET /favicon.ico HTTP/1.1" 404 0
0:0:0:0:0:FFFF:7F00:1 - - [30/Nov/2009:20:44:24 -0600] "GET /erl/monitor/service HTTP/1.1" 200 158
0:0:0:0:0:FFFF:7F00:1 - - [30/Nov/2009:21:20:38 -0600] "GET /erl/monitor/main HTTP/1.1" 404 0
0:0:0:0:0:FFFF:7F00:1 - - [30/Nov/2009:21:21:06 -0600] "GET /erl/monitor/main HTTP/1.1" 200 158
0:0:0:0:0:FFFF:7F00:1 - - [30/Nov/2009:21:21:06 -0600] "GET /favicon.ico HTTP/1.1" 404 0
0:0:0:0:0:FFFF:7F00:1 - - [30/Nov/2009:21:21:29 -0600] "GET /erl/monitor/main HTTP/1.1" 200 158
0:0:0:0:0:FFFF:7F00:1 - - [30/Nov/2009:21:21:29 -0600] "GET /favicon.ico HTTP/1.1" 404 0
0:0:0:0:0:FFFF:7F00:1 - - [30/Nov/2009:21:21:30 -0600] "GET /erl/monitor/main HTTP/1.1" 200 158
0:0:0:0:0:FFFF:7F00:1 - - [30/Nov/2009:21:21:30 -0600] "GET /favicon.ico HTTP/1.1" 404 0
0:0:0:0:0:FFFF:7F00:1 - - [30/Nov/2009:21:24:52 -0600] "GET /erl/monitor/main HTTP/1.1" 200 158
0:0:0:0:0:FFFF:7F00:1 - - [30/Nov/2009:21:24:52 -0600] "GET /favicon.ico HTTP/1.1" 404 0
0:0:0:0:0:FFFF:7F00:1 - - [30/Nov/2009:21:24:54 -0600] "GET /erl/monitor/main HTTP/1.1" 200 158
0:0:0:0:0:FFFF:7F00:1 - - [30/Nov/2009:21:24:54 -0600] "GET /favicon.ico HTTP/1.1" 404 0
0:0:0:0:0:FFFF:7F00:1 - - [30/Nov/2009:21:25:21 -0600] "GET /erl/monitor/main HTTP/1.1" 200 158
0:0:0:0:0:FFFF:7F00:1 - - [30/Nov/2009:21:25:21 -0600] "GET /favicon.ico HTTP/1.1" 404 0
0:0:0:0:0:FFFF:7F00:1 - - [30/Nov/2009:21:26:54 -0600] "GET /erl/monitor/main HTTP/1.1" 200 158
0:0:0:0:0:FFFF:7F00:1 - - [30/Nov/2009:21:26:54 -0600] "GET /favicon.ico HTTP/1.1" 404 0
0:0:0:0:0:FFFF:7F00:1 - - [30/Nov/2009:21:26:57 -0600] "GET /erl/monitor/detail HTTP/1.1" 404 0
0:0:0:0:0:FFFF:7F00:1 - - [30/Nov/2009:21:27:00 -0600] "GET /erl/monitor/detail?test HTTP/1.1" 404 0
0:0:0:0:0:FFFF:7F00:1 - - [30/Nov/2009:21:27:10 -0600] "GET /erl/monitor/details?test HTTP/1.1" 200 43
0:0:0:0:0:FFFF:7F00:1 - - [30/Nov/2009:21:27:13 -0600] "GET /erl/monitor/details?testasdfasdf HTTP/1.1" 200 51
0:0:0:0:0:FFFF:7F00:1 - - [30/Nov/2009:21:28:28 -0600] "GET /erl/monitor/main HTTP/1.1" 200 158
0:0:0:0:0:FFFF:7F00:1 - - [30/Nov/2009:21:28:28 -0600] "GET /favicon.ico HTTP/1.1" 404 0
0:0:0:0:0:FFFF:7F00:1 - - [30/Nov/2009:21:28:52 -0600] "GET /erl/monitor/main HTTP/1.1" 200 158
0:0:0:0:0:FFFF:7F00:1 - - [30/Nov/2009:21:28:52 -0600] "GET /favicon.ico HTTP/1.1" 404 0
0:0:0:0:0:FFFF:7F00:1 - - [30/Nov/2009:21:30:29 -0600] "GET /erl/monitor/main HTTP/1.1" 200 271
0:0:0:0:0:FFFF:7F00:1 - - [30/Nov/2009:21:30:29 -0600] "GET /favicon.ico HTTP/1.1" 404 0
0:0:0:0:0:FFFF:7F00:1 - - [30/Nov/2009:21:31:01 -0600] "GET /erl/monitor/main HTTP/1.1" 200 287
0:0:0:0:0:FFFF:7F00:1 - - [30/Nov/2009:21:31:01 -0600] "GET /favicon.ico HTTP/1.1" 404 0
0:0:0:0:0:FFFF:7F00:1 - - [30/Nov/2009:21:31:03 -0600] "GET /erl/monitor/details?'test2@micahcopple.thw1.students.letnet.net' HTTP/1.1" 200 83
0:0:0:0:0:FFFF:7F00:1 - - [30/Nov/2009:21:31:09 -0600] "GET /erl/monitor/details?'test@micahcopple.thw1.students.letnet.net' HTTP/1.1" 200 82
0:0:0:0:0:FFFF:7F00:1 - - [30/Nov/2009:21:31:46 -0600] "GET /erl/monitor/details?'test2@micahcopple.thw1.students.letnet.net' HTTP/1.1" 200 83
0:0:0:0:0:FFFF:7F00:1 - - [30/Nov/2009:21:44:56 -0600] "GET /erl/monitor/details?'test2@micahcopple.thw1.students.letnet.net' HTTP/1.1" 200 117
0:0:0:0:0:FFFF:7F00:1 - - [30/Nov/2009:21:44:56 -0600] "GET /favicon.ico HTTP/1.1" 404 0
0:0:0:0:0:FFFF:7F00:1 - - [30/Nov/2009:21:44:57 -0600] "GET /erl/monitor/main HTTP/1.1" 200 287
0:0:0:0:0:FFFF:7F00:1 - - [30/Nov/2009:21:44:58 -0600] "GET /erl/monitor/details?'test2@micahcopple.thw1.students.letnet.net' HTTP/1.1" 200 117
0:0:0:0:0:FFFF:7F00:1 - - [30/Nov/2009:21:44:59 -0600] "GET /erl/monitor/main HTTP/1.1" 200 287
0:0:0:0:0:FFFF:7F00:1 - - [30/Nov/2009:21:44:59 -0600] "GET /erl/monitor/details?'test@micahcopple.thw1.students.letnet.net' HTTP/1.1" 200 116
0:0:0:0:0:FFFF:7F00:1 - - [30/Nov/2009:21:45:00 -0600] "GET /erl/monitor/main HTTP/1.1" 200 287
0:0:0:0:0:FFFF:7F00:1 - - [30/Nov/2009:21:55:15 -0600] "GET /erl/monitor/other HTTP/1.1" 404 0
0:0:0:0:0:FFFF:7F00:1 - - [30/Nov/2009:21:55:21 -0600] "GET /other HTTP/1.1" 200 16
0:0:0:0:0:FFFF:7F00:1 - - [30/Nov/2009:21:55:28 -0600] "GET /erl/monitor/ HTTP/1.1" 404 0
0:0:0:0:0:FFFF:7F00:1 - - [30/Nov/2009:21:55:31 -0600] "GET /erl/monitor/main HTTP/1.1" 200 287
0:0:0:0:0:FFFF:7F00:1 - - [30/Nov/2009:21:56:16 -0600] "GET /monitor/main HTTP/1.1" 200 287
0:0:0:0:0:FFFF:7F00:1 - - [30/Nov/2009:21:56:35 -0600] "GET /other HTTP/1.1" 400 0
0:0:0:0:0:FFFF:7F00:1 - - [30/Nov/2009:22:00:21 -0600] "GET /erl/monitor/main HTTP/1.1" 403 0
0:0:0:0:0:FFFF:7F00:1 - - [30/Nov/2009:22:00:40 -0600] "GET /erl/monitor/main HTTP/1.1" 200 287
0:0:0:0:0:FFFF:7F00:1 - - [30/Nov/2009:22:00:40 -0600] "GET /favicon.ico HTTP/1.1" 404 0
0:0:0:0:0:FFFF:7F00:1 - - [30/Nov/2009:22:00:41 -0600] "GET /erl/monitor/details?'test2@micahcopple.thw1.students.letnet.net' HTTP/1.1" 200 116
0:0:0:0:0:FFFF:7F00:1 - - [30/Nov/2009:22:00:43 -0600] "GET /erl/monitor/main HTTP/1.1" 200 287
0:0:0:0:0:FFFF:7F00:1 - - [30/Nov/2009:22:01:56 -0600] "GET /erl/monitor/details?'test@micahcopple.thw1.students.letnet.net' HTTP/1.1" 200 115
0:0:0:0:0:FFFF:7F00:1 - - [30/Nov/2009:22:02:35 -0600] "GET /favicon.ico HTTP/1.1" 404 0
0:0:0:0:0:FFFF:7F00:1 - - [30/Nov/2009:22:02:36 -0600] "GET /favicon.ico HTTP/1.1" 404 0
0:0:0:0:0:FFFF:7F00:1 - - [30/Nov/2009:22:04:48 -0600] "GET /favicon.ico HTTP/1.1" 404 0
0:0:0:0:0:FFFF:7F00:1 - - [30/Nov/2009:22:05:59 -0600] "GET /erl/monitor/main HTTP/1.1" 200 287
0:0:0:0:0:FFFF:7F00:1 - - [30/Nov/2009:22:06:18 -0600] "GET /erl/monitor/main HTTP/1.1" 200 287
0:0:0:0:0:FFFF:7F00:1 - - [30/Nov/2009:22:06:18 -0600] "GET /favicon.ico HTTP/1.1" 404 0
0:0:0:0:0:FFFF:7F00:1 - - [30/Nov/2009:22:06:19 -0600] "GET /erl/monitor/details?'test@micahcopple.thw1.students.letnet.net' HTTP/1.1" 200 115
0:0:0:0:0:FFFF:7F00:1 - - [30/Nov/2009:22:06:21 -0600] "GET /erl/monitor/main HTTP/1.1" 200 287
0:0:0:0:0:FFFF:7F00:1 - - [30/Nov/2009:22:06:21 -0600] "GET /erl/monitor/details?'test2@micahcopple.thw1.students.letnet.net' HTTP/1.1" 200 116
0:0:0:0:0:FFFF:7F00:1 - - [30/Nov/2009:22:06:22 -0600] "GET /erl/monitor/main HTTP/1.1" 200 287
0:0:0:0:0:FFFF:7F00:1 - - [30/Nov/2009:22:06:59 -0600] "GET /erl/monitor/details?'test@micahcopple.thw1.students.letnet.net' HTTP/1.1" 200 119
0:0:0:0:0:FFFF:7F00:1 - - [30/Nov/2009:22:07:01 -0600] "GET /erl/monitor/main HTTP/1.1" 200 287
0:0:0:0:0:FFFF:7F00:1 - - [30/Nov/2009:22:07:01 -0600] "GET /erl/monitor/details?'test2@micahcopple.thw1.students.letnet.net' HTTP/1.1" 200 120
0:0:0:0:0:FFFF:7F00:1 - - [30/Nov/2009:22:07:02 -0600] "GET /erl/monitor/main HTTP/1.1" 200 287
0:0:0:0:0:FFFF:7F00:1 - - [30/Nov/2009:22:07:31 -0600] "GET /erl/monitor/main HTTP/1.1" 200 279
0:0:0:0:0:FFFF:7F00:1 - - [30/Nov/2009:22:07:31 -0600] "GET /favicon.ico HTTP/1.1" 404 0
0:0:0:0:0:FFFF:7F00:1 - - [30/Nov/2009:22:07:32 -0600] "GET /erl/monitor/details?test@micahcopple.thw1.students.letnet.net HTTP/1.1" 200 117
0:0:0:0:0:FFFF:7F00:1 - - [30/Nov/2009:22:07:34 -0600] "GET /erl/monitor/main HTTP/1.1" 200 279
0:0:0:0:0:FFFF:7F00:1 - - [30/Nov/2009:22:07:35 -0600] "GET /erl/monitor/details?test2@micahcopple.thw1.students.letnet.net HTTP/1.1" 200 118
0:0:0:0:0:FFFF:7F00:1 - - [30/Nov/2009:22:07:37 -0600] "GET /erl/monitor/main HTTP/1.1" 200 279
0:0:0:0:0:FFFF:7F00:1 - - [30/Nov/2009:22:09:09 -0600] "GET /erl/monitor/main HTTP/1.1" 200 279
0:0:0:0:0:FFFF:7F00:1 - - [30/Nov/2009:22:09:09 -0600] "GET /favicon.ico HTTP/1.1" 404 0
0:0:0:0:0:FFFF:7F00:1 - - [30/Nov/2009:22:09:33 -0600] "GET /erl/monitor/details?test@micahcopple.thw1.students.letnet.net HTTP/1.1" 200 120
0:0:0:0:0:FFFF:7F00:1 - - [30/Nov/2009:22:09:35 -0600] "GET /erl/monitor/main HTTP/1.1" 200 279
0:0:0:0:0:FFFF:7F00:1 - - [30/Nov/2009:22:09:35 -0600] "GET /erl/monitor/details?test2@micahcopple.thw1.students.letnet.net HTTP/1.1" 200 121
0:0:0:0:0:FFFF:7F00:1 - - [30/Nov/2009:22:09:36 -0600] "GET /erl/monitor/main HTTP/1.1" 200 279
0:0:0:0:0:FFFF:7F00:1 - - [30/Nov/2009:22:09:50 -0600] "GET /erl/monitor/details?test@micahcopple.thw1.students.letnet.net HTTP/1.1" 200 120
0:0:0:0:0:FFFF:7F00:1 - - [30/Nov/2009:22:09:51 -0600] "GET /erl/monitor/main HTTP/1.1" 200 279
0:0:0:0:0:FFFF:7F00:1 - - [30/Nov/2009:22:09:52 -0600] "GET /erl/monitor/details?test2@micahcopple.thw1.students.letnet.net HTTP/1.1" 200 121
0:0:0:0:0:FFFF:7F00:1 - - [30/Nov/2009:22:09:53 -0600] "GET /erl/monitor/main HTTP/1.1" 200 279
0:0:0:0:0:FFFF:7F00:1 - - [30/Nov/2009:22:09:53 -0600] "GET /erl/monitor/details?test2@micahcopple.thw1.students.letnet.net HTTP/1.1" 200 121
0:0:0:0:0:FFFF:7F00:1 - - [30/Nov/2009:22:09:55 -0600] "GET /erl/monitor/details?test2@micahcopple.thw1.stuasdfdents.letnet.net HTTP/1.1" 200 125
0:0:0:0:0:FFFF:7F00:1 - - [30/Nov/2009:22:09:57 -0600] "GET /erl/monitor/main HTTP/1.1" 200 279
0:0:0:0:0:FFFF:7F00:1 - - [30/Nov/2009:22:12:56 -0600] "GET /erl/monitor/main HTTP/1.1" 200 279
0:0:0:0:0:FFFF:7F00:1 - - [30/Nov/2009:22:12:56 -0600] "GET /favicon.ico HTTP/1.1" 404 0
0:0:0:0:0:FFFF:7F00:1 - - [30/Nov/2009:22:12:57 -0600] "GET /erl/monitor/details?test@micahcopple.thw1.students.letnet.net HTTP/1.1" 200 121
0:0:0:0:0:FFFF:7F00:1 - - [30/Nov/2009:22:13:02 -0600] "GET /erl/monitor/main HTTP/1.1" 200 279
0:0:0:0:0:FFFF:7F00:1 - - [30/Nov/2009:22:13:04 -0600] "GET /erl/monitor/details?test@micahcopple.thw1.students.letnet.net HTTP/1.1" 200 121
0:0:0:0:0:FFFF:7F00:1 - - [30/Nov/2009:22:13:05 -0600] "GET /erl/monitor/main HTTP/1.1" 200 279
0:0:0:0:0:FFFF:7F00:1 - - [30/Nov/2009:22:13:06 -0600] "GET /erl/monitor/details?test2@micahcopple.thw1.students.letnet.net HTTP/1.1" 200 122
0:0:0:0:0:FFFF:7F00:1 - - [30/Nov/2009:22:13:07 -0600] "GET /erl/monitor/main HTTP/1.1" 200 279
0:0:0:0:0:FFFF:7F00:1 - - [30/Nov/2009:22:15:01 -0600] "GET /erl/monitor/main HTTP/1.1" 200 354
0:0:0:0:0:FFFF:7F00:1 - - [30/Nov/2009:22:15:01 -0600] "GET /favicon.ico HTTP/1.1" 404 0
0:0:0:0:0:FFFF:7F00:1 - - [30/Nov/2009:22:15:04 -0600] "GET /erl/monitor/main? HTTP/1.1" 200 354
0:0:0:0:0:FFFF:7F00:1 - - [30/Nov/2009:22:15:08 -0600] "GET /erl/monitor/main? HTTP/1.1" 200 354
0:0:0:0:0:FFFF:7F00:1 - - [30/Nov/2009:22:16:44 -0600] "GET /erl/monitor/main? HTTP/1.1" 200 385
0:0:0:0:0:FFFF:7F00:1 - - [30/Nov/2009:22:16:44 -0600] "GET /favicon.ico HTTP/1.1" 404 0
0:0:0:0:0:FFFF:7F00:1 - - [30/Nov/2009:22:16:45 -0600] "GET /erl/monitor/add? HTTP/1.1" 404 0
0:0:0:0:0:FFFF:7F00:1 - - [30/Nov/2009:22:17:17 -0600] "GET /erl/monitor/add? HTTP/1.1" 404 0
0:0:0:0:0:FFFF:7F00:1 - - [30/Nov/2009:22:17:21 -0600] "GET /erl/monitor/main? HTTP/1.1" 200 395
0:0:0:0:0:FFFF:7F00:1 - - [30/Nov/2009:22:17:21 -0600] "GET /favicon.ico HTTP/1.1" 404 0
0:0:0:0:0:FFFF:7F00:1 - - [30/Nov/2009:22:17:23 -0600] "GET /erl/monitor/add?node=test HTTP/1.1" 404 0
0:0:0:0:0:FFFF:7F00:1 - - [30/Nov/2009:22:36:25 -0600] "GET /erl/monitor/main? HTTP/1.1" 200 395
0:0:0:0:0:FFFF:7F00:1 - - [30/Nov/2009:22:36:25 -0600] "GET /favicon.ico HTTP/1.1" 404 0
0:0:0:0:0:FFFF:7F00:1 - - [30/Nov/2009:22:36:27 -0600] "GET /erl/monitor/add?node=test HTTP/1.1" 404 0
0:0:0:0:0:FFFF:7F00:1 - - [30/Nov/2009:22:36:29 -0600] "GET /erl/monitor/details?test@micahcopple.thw1.students.letnet.net HTTP/1.1" 200 121
0:0:0:0:0:FFFF:7F00:1 - - [30/Nov/2009:22:36:31 -0600] "GET /erl/monitor/main HTTP/1.1" 200 395
0:0:0:0:0:FFFF:7F00:1 - - [30/Nov/2009:22:38:20 -0600] "GET /favicon.ico HTTP/1.1" 404 0
0:0:0:0:0:FFFF:7F00:1 - - [30/Nov/2009:22:40:54 -0600] "GET /favicon.ico HTTP/1.1" 404 0
0:0:0:0:0:FFFF:7F00:1 - - [30/Nov/2009:22:41:37 -0600] "GET /favicon.ico HTTP/1.1" 200 0
0:0:0:0:0:FFFF:7F00:1 - - [30/Nov/2009:22:41:37 -0600] "GET /favicon.ico HTTP/1.1" 200 0
0:0:0:0:0:FFFF:7F00:1 - - [30/Nov/2009:22:41:38 -0600] "GET /favicon.ico HTTP/1.1" 200 0
0:0:0:0:0:FFFF:7F00:1 - - [30/Nov/2009:22:41:38 -0600] "GET /favicon.ico HTTP/1.1" 200 0
0:0:0:0:0:FFFF:7F00:1 - - [30/Nov/2009:22:41:39 -0600] "GET /favicon.ico HTTP/1.1" 200 0
0:0:0:0:0:FFFF:7F00:1 - - [30/Nov/2009:22:41:40 -0600] "GET /favicon.ico HTTP/1.1" 200 0
0:0:0:0:0:FFFF:7F00:1 - - [30/Nov/2009:22:41:40 -0600] "GET /favicon.ico HTTP/1.1" 200 0
0:0:0:0:0:FFFF:7F00:1 - - [30/Nov/2009:22:41:41 -0600] "GET /favicon.ico HTTP/1.1" 200 0
0:0:0:0:0:FFFF:7F00:1 - - [30/Nov/2009:22:41:42 -0600] "GET /favicon.ico HTTP/1.1" 200 0
0:0:0:0:0:FFFF:7F00:1 - - [30/Nov/2009:22:41:43 -0600] "GET /favicon.ico HTTP/1.1" 200 0
0:0:0:0:0:FFFF:7F00:1 - - [30/Nov/2009:22:42:55 -0600] "GET /erl/monitor/add?node=test HTTP/1.1" 200 31
0:0:0:0:0:FFFF:7F00:1 - - [30/Nov/2009:22:42:55 -0600] "GET /favicon.ico HTTP/1.1" 200 0
0:0:0:0:0:FFFF:7F00:1 - - [30/Nov/2009:22:43:03 -0600] "GET /erl/monitor/main HTTP/1.1" 200 395
0:0:0:0:0:FFFF:7F00:1 - - [30/Nov/2009:22:43:03 -0600] "GET /favicon.ico HTTP/1.1" 200 0
0:0:0:0:0:FFFF:7F00:1 - - [30/Nov/2009:22:43:05 -0600] "GET /erl/monitor/add?node=test HTTP/1.1" 200 31
0:0:0:0:0:FFFF:7F00:1 - - [30/Nov/2009:22:43:05 -0600] "GET /favicon.ico HTTP/1.1" 200 0
0:0:0:0:0:FFFF:7F00:1 - - [30/Nov/2009:22:44:51 -0600] "GET /erl/monitor/main HTTP/1.1" 200 395
0:0:0:0:0:FFFF:7F00:1 - - [30/Nov/2009:22:44:51 -0600] "GET /favicon.ico HTTP/1.1" 200 0
0:0:0:0:0:FFFF:7F00:1 - - [30/Nov/2009:22:45:35 -0600] "GET /erl/monitor/main HTTP/1.1" 200 395
0:0:0:0:0:FFFF:7F00:1 - - [30/Nov/2009:22:45:35 -0600] "GET /favicon.ico HTTP/1.1" 200 0
0:0:0:0:0:FFFF:7F00:1 - - [30/Nov/2009:22:45:37 -0600] "GET /erl/monitor/add?node=test HTTP/1.1" 200 80
0:0:0:0:0:FFFF:7F00:1 - - [30/Nov/2009:22:45:37 -0600] "GET /favicon.ico HTTP/1.1" 200 0
0:0:0:0:0:FFFF:7F00:1 - - [30/Nov/2009:22:45:39 -0600] "GET /erl/monitor/main HTTP/1.1" 200 395
0:0:0:0:0:FFFF:7F00:1 - - [30/Nov/2009:22:45:39 -0600] "GET /favicon.ico HTTP/1.1" 200 0
0:0:0:0:0:FFFF:7F00:1 - - [30/Nov/2009:22:46:02 -0600] "GET /erl/monitor/add?node=test HTTP/1.1" 200 80
0:0:0:0:0:FFFF:7F00:1 - - [30/Nov/2009:22:46:02 -0600] "GET /favicon.ico HTTP/1.1" 200 0
0:0:0:0:0:FFFF:7F00:1 - - [30/Nov/2009:22:46:04 -0600] "GET /erl/monitor/main HTTP/1.1" 200 395
0:0:0:0:0:FFFF:7F00:1 - - [30/Nov/2009:22:46:04 -0600] "GET /favicon.ico HTTP/1.1" 200 0
0:0:0:0:0:FFFF:7F00:1 - - [30/Nov/2009:22:46:09 -0600] "GET /erl/monitor/add?node=test HTTP/1.1" 200 89
0:0:0:0:0:FFFF:7F00:1 - - [30/Nov/2009:22:46:09 -0600] "GET /favicon.ico HTTP/1.1" 200 0
0:0:0:0:0:FFFF:7F00:1 - - [30/Nov/2009:22:47:58 -0600] "GET /erl/monitor/main HTTP/1.1" 200 395
0:0:0:0:0:FFFF:7F00:1 - - [30/Nov/2009:22:47:58 -0600] "GET /favicon.ico HTTP/1.1" 200 0
0:0:0:0:0:FFFF:7F00:1 - - [30/Nov/2009:22:48:01 -0600] "GET /favicon.ico HTTP/1.1" 200 0
0:0:0:0:0:FFFF:7F00:1 - - [30/Nov/2009:22:48:03 -0600] "GET /erl/monitor/main HTTP/1.1" 200 395
0:0:0:0:0:FFFF:7F00:1 - - [30/Nov/2009:22:48:03 -0600] "GET /favicon.ico HTTP/1.1" 200 0
0:0:0:0:0:FFFF:7F00:1 - - [30/Nov/2009:22:48:11 -0600] "GET /favicon.ico HTTP/1.1" 200 0
0:0:0:0:0:FFFF:7F00:1 - - [30/Nov/2009:22:48:12 -0600] "GET /erl/monitor/main HTTP/1.1" 200 395
0:0:0:0:0:FFFF:7F00:1 - - [30/Nov/2009:22:48:12 -0600] "GET /favicon.ico HTTP/1.1" 200 0
0:0:0:0:0:FFFF:7F00:1 - - [30/Nov/2009:22:48:27 -0600] "GET /favicon.ico HTTP/1.1" 200 0
0:0:0:0:0:FFFF:7F00:1 - - [30/Nov/2009:22:48:29 -0600] "GET /erl/monitor/main HTTP/1.1" 200 395
0:0:0:0:0:FFFF:7F00:1 - - [30/Nov/2009:22:48:29 -0600] "GET /favicon.ico HTTP/1.1" 200 0
0:0:0:0:0:FFFF:7F00:1 - - [30/Nov/2009:22:48:29 -0600] "GET /erl/monitor/main HTTP/1.1" 200 395
0:0:0:0:0:FFFF:7F00:1 - - [30/Nov/2009:22:48:29 -0600] "GET /favicon.ico HTTP/1.1" 200 0
0:0:0:0:0:FFFF:7F00:1 - - [30/Nov/2009:22:48:31 -0600] "GET /favicon.ico HTTP/1.1" 200 0
0:0:0:0:0:FFFF:7F00:1 - - [30/Nov/2009:22:48:35 -0600] "GET /favicon.ico HTTP/1.1" 200 0
0:0:0:0:0:FFFF:7F00:1 - - [30/Nov/2009:22:48:36 -0600] "GET /favicon.ico HTTP/1.1" 200 0
0:0:0:0:0:FFFF:7F00:1 - - [30/Nov/2009:22:48:54 -0600] "GET /favicon.ico HTTP/1.1" 200 0
0:0:0:0:0:FFFF:7F00:1 - - [30/Nov/2009:22:49:34 -0600] "GET /favicon.ico HTTP/1.1" 200 0
0:0:0:0:0:FFFF:7F00:1 - - [30/Nov/2009:22:49:36 -0600] "GET /favicon.ico HTTP/1.1" 200 0
0:0:0:0:0:FFFF:7F00:1 - - [30/Nov/2009:22:49:37 -0600] "GET /favicon.ico HTTP/1.1" 200 0
0:0:0:0:0:FFFF:7F00:1 - - [30/Nov/2009:22:49:37 -0600] "GET /favicon.ico HTTP/1.1" 200 0
0:0:0:0:0:FFFF:7F00:1 - - [30/Nov/2009:22:49:41 -0600] "GET /favicon.ico HTTP/1.1" 200 0
0:0:0:0:0:FFFF:7F00:1 - - [30/Nov/2009:22:50:12 -0600] "GET /erl/monitor/main HTTP/1.1" 200 395
0:0:0:0:0:FFFF:7F00:1 - - [30/Nov/2009:22:50:12 -0600] "GET /favicon.ico HTTP/1.1" 200 0
0:0:0:0:0:FFFF:7F00:1 - - [30/Nov/2009:22:50:21 -0600] "GET /erl/monitor/main HTTP/1.1" 200 395
0:0:0:0:0:FFFF:7F00:1 - - [30/Nov/2009:22:50:21 -0600] "GET /favicon.ico HTTP/1.1" 200 0
0:0:0:0:0:FFFF:7F00:1 - - [30/Nov/2009:22:50:23 -0600] "GET /erl/monitor/main HTTP/1.1" 200 395
0:0:0:0:0:FFFF:7F00:1 - - [30/Nov/2009:22:50:23 -0600] "GET /favicon.ico HTTP/1.1" 200 0
0:0:0:0:0:FFFF:7F00:1 - - [30/Nov/2009:22:50:24 -0600] "GET /erl/monitor/details?test@micahcopple.thw1.students.letnet.net HTTP/1.1" 200 121
0:0:0:0:0:FFFF:7F00:1 - - [30/Nov/2009:22:50:24 -0600] "GET /favicon.ico HTTP/1.1" 200 0
0:0:0:0:0:FFFF:7F00:1 - - [30/Nov/2009:22:50:25 -0600] "GET /erl/monitor/main HTTP/1.1" 200 395
0:0:0:0:0:FFFF:7F00:1 - - [30/Nov/2009:22:50:25 -0600] "GET /favicon.ico HTTP/1.1" 200 0
0:0:0:0:0:FFFF:7F00:1 - - [30/Nov/2009:22:50:26 -0600] "GET /erl/monitor/details?test2@micahcopple.thw1.students.letnet.net HTTP/1.1" 200 122
0:0:0:0:0:FFFF:7F00:1 - - [30/Nov/2009:22:50:26 -0600] "GET /favicon.ico HTTP/1.1" 200 0
0:0:0:0:0:FFFF:7F00:1 - - [30/Nov/2009:22:50:27 -0600] "GET /erl/monitor/main HTTP/1.1" 200 395
0:0:0:0:0:FFFF:7F00:1 - - [30/Nov/2009:22:50:27 -0600] "GET /favicon.ico HTTP/1.1" 200 0
0:0:0:0:0:FFFF:7F00:1 - - [30/Nov/2009:22:52:00 -0600] "GET /erl/monitor/add?node=asdfasdfasdf HTTP/1.1" 200 64
0:0:0:0:0:FFFF:7F00:1 - - [30/Nov/2009:22:52:00 -0600] "GET /favicon.ico HTTP/1.1" 200 0
0:0:0:0:0:FFFF:7F00:1 - - [30/Nov/2009:22:52:04 -0600] "GET /erl/monitor/main HTTP/1.1" 200 395
0:0:0:0:0:FFFF:7F00:1 - - [30/Nov/2009:22:52:04 -0600] "GET /favicon.ico HTTP/1.1" 200 0
0:0:0:0:0:FFFF:7F00:1 - - [30/Nov/2009:22:52:06 -0600] "GET /erl/monitor/add?node=test HTTP/1.1" 200 64
0:0:0:0:0:FFFF:7F00:1 - - [30/Nov/2009:22:52:06 -0600] "GET /favicon.ico HTTP/1.1" 200 0
0:0:0:0:0:FFFF:7F00:1 - - [30/Nov/2009:22:52:09 -0600] "GET /erl/monitor/main HTTP/1.1" 200 395
0:0:0:0:0:FFFF:7F00:1 - - [30/Nov/2009:22:52:09 -0600] "GET /favicon.ico HTTP/1.1" 200 0
0:0:0:0:0:FFFF:7F00:1 - - [30/Nov/2009:22:52:11 -0600] "GET /erl/monitor/add?node=test2 HTTP/1.1" 200 64
0:0:0:0:0:FFFF:7F00:1 - - [30/Nov/2009:22:52:11 -0600] "GET /favicon.ico HTTP/1.1" 200 0
0:0:0:0:0:FFFF:7F00:1 - - [30/Nov/2009:22:52:13 -0600] "GET /erl/monitor/main HTTP/1.1" 200 395
0:0:0:0:0:FFFF:7F00:1 - - [30/Nov/2009:22:52:13 -0600] "GET /favicon.ico HTTP/1.1" 200 0
0:0:0:0:0:FFFF:7F00:1 - - [30/Nov/2009:22:52:15 -0600] "GET /erl/monitor/add?node=test HTTP/1.1" 200 64
0:0:0:0:0:FFFF:7F00:1 - - [30/Nov/2009:22:52:15 -0600] "GET /favicon.ico HTTP/1.1" 200 0
0:0:0:0:0:FFFF:7F00:1 - - [30/Nov/2009:22:52:33 -0600] "GET /erl/monitor/add?node=test HTTP/1.1" 200 74
0:0:0:0:0:FFFF:7F00:1 - - [30/Nov/2009:22:52:33 -0600] "GET /favicon.ico HTTP/1.1" 200 0
0:0:0:0:0:FFFF:7F00:1 - - [30/Nov/2009:22:52:54 -0600] "GET /erl/monitor/add?node=test HTTP/1.1" 200 74
0:0:0:0:0:FFFF:7F00:1 - - [30/Nov/2009:22:52:54 -0600] "GET /favicon.ico HTTP/1.1" 200 0
0:0:0:0:0:FFFF:7F00:1 - - [30/Nov/2009:22:52:55 -0600] "GET /erl/monitor/main HTTP/1.1" 200 395
0:0:0:0:0:FFFF:7F00:1 - - [30/Nov/2009:22:52:55 -0600] "GET /favicon.ico HTTP/1.1" 200 0
0:0:0:0:0:FFFF:7F00:1 - - [30/Nov/2009:22:52:57 -0600] "GET /erl/monitor/add?node=test2 HTTP/1.1" 200 75
0:0:0:0:0:FFFF:7F00:1 - - [30/Nov/2009:22:52:57 -0600] "GET /favicon.ico HTTP/1.1" 200 0
0:0:0:0:0:FFFF:7F00:1 - - [30/Nov/2009:22:52:59 -0600] "GET /erl/monitor/main HTTP/1.1" 200 395
0:0:0:0:0:FFFF:7F00:1 - - [30/Nov/2009:22:52:59 -0600] "GET /favicon.ico HTTP/1.1" 200 0
0:0:0:0:0:FFFF:7F00:1 - - [30/Nov/2009:22:53:48 -0600] "GET /erl/monitor/add?node=test HTTP/1.1" 200 74
0:0:0:0:0:FFFF:7F00:1 - - [30/Nov/2009:22:53:48 -0600] "GET /favicon.ico HTTP/1.1" 200 0
0:0:0:0:0:FFFF:7F00:1 - - [30/Nov/2009:22:53:50 -0600] "GET /erl/monitor/main HTTP/1.1" 200 395
0:0:0:0:0:FFFF:7F00:1 - - [30/Nov/2009:22:53:50 -0600] "GET /favicon.ico HTTP/1.1" 200 0
0:0:0:0:0:FFFF:7F00:1 - - [30/Nov/2009:22:53:51 -0600] "GET /erl/monitor/add?node=test2 HTTP/1.1" 200 75
0:0:0:0:0:FFFF:7F00:1 - - [30/Nov/2009:22:53:51 -0600] "GET /favicon.ico HTTP/1.1" 200 0
0:0:0:0:0:FFFF:7F00:1 - - [30/Nov/2009:22:53:52 -0600] "GET /erl/monitor/main HTTP/1.1" 200 395
0:0:0:0:0:FFFF:7F00:1 - - [30/Nov/2009:22:53:52 -0600] "GET /favicon.ico HTTP/1.1" 200 0
0:0:0:0:0:FFFF:7F00:1 - - [30/Nov/2009:22:53:55 -0600] "GET /erl/monitor/add?node=est3 HTTP/1.1" 200 74
0:0:0:0:0:FFFF:7F00:1 - - [30/Nov/2009:22:53:55 -0600] "GET /favicon.ico HTTP/1.1" 200 0
0:0:0:0:0:FFFF:7F00:1 - - [30/Nov/2009:22:53:56 -0600] "GET /erl/monitor/main HTTP/1.1" 200 395
0:0:0:0:0:FFFF:7F00:1 - - [30/Nov/2009:22:53:56 -0600] "GET /favicon.ico HTTP/1.1" 200 0
0:0:0:0:0:FFFF:7F00:1 - - [30/Nov/2009:22:55:36 -0600] "GET /erl/monitor/add?node=test HTTP/1.1" 200 74
0:0:0:0:0:FFFF:7F00:1 - - [30/Nov/2009:22:55:36 -0600] "GET /favicon.ico HTTP/1.1" 200 0
0:0:0:0:0:FFFF:7F00:1 - - [30/Nov/2009:22:55:38 -0600] "GET /erl/monitor/main HTTP/1.1" 200 395
0:0:0:0:0:FFFF:7F00:1 - - [30/Nov/2009:22:55:38 -0600] "GET /favicon.ico HTTP/1.1" 200 0
0:0:0:0:0:FFFF:7F00:1 - - [30/Nov/2009:22:57:49 -0600] "GET /favicon.ico HTTP/1.1" 200 0
0:0:0:0:0:FFFF:7F00:1 - - [30/Nov/2009:22:57:51 -0600] "GET /erl/monitor/main HTTP/1.1" 200 395
0:0:0:0:0:FFFF:7F00:1 - - [30/Nov/2009:22:57:51 -0600] "GET /favicon.ico HTTP/1.1" 200 0
0:0:0:0:0:FFFF:7F00:1 - - [30/Nov/2009:22:57:52 -0600] "GET /favicon.ico HTTP/1.1" 200 0
0:0:0:0:0:FFFF:7F00:1 - - [30/Nov/2009:22:57:53 -0600] "GET /erl/monitor/main HTTP/1.1" 200 395
0:0:0:0:0:FFFF:7F00:1 - - [30/Nov/2009:22:57:53 -0600] "GET /favicon.ico HTTP/1.1" 200 0
0:0:0:0:0:FFFF:7F00:1 - - [30/Nov/2009:22:58:06 -0600] "GET /favicon.ico HTTP/1.1" 200 0
0:0:0:0:0:FFFF:7F00:1 - - [30/Nov/2009:22:58:41 -0600] "GET /erl/monitor/main HTTP/1.1" 200 395
0:0:0:0:0:FFFF:7F00:1 - - [30/Nov/2009:22:58:41 -0600] "GET /favicon.ico HTTP/1.1" 200 0
0:0:0:0:0:FFFF:7F00:1 - - [30/Nov/2009:22:58:53 -0600] "GET /erl/monitor/add?node=aasdfasdf HTTP/1.1" 200 79
0:0:0:0:0:FFFF:7F00:1 - - [30/Nov/2009:22:58:54 -0600] "GET /favicon.ico HTTP/1.1" 200 0
0:0:0:0:0:FFFF:7F00:1 - - [30/Nov/2009:22:59:38 -0600] "GET /erl/monitor/add?node=aasdfasdf HTTP/1.1" 200 90
0:0:0:0:0:FFFF:7F00:1 - - [30/Nov/2009:22:59:38 -0600] "GET /favicon.ico HTTP/1.1" 200 0
0:0:0:0:0:FFFF:7F00:1 - - [30/Nov/2009:22:59:41 -0600] "GET /erl/monitor/main HTTP/1.1" 200 395
0:0:0:0:0:FFFF:7F00:1 - - [30/Nov/2009:22:59:41 -0600] "GET /favicon.ico HTTP/1.1" 200 0
0:0:0:0:0:FFFF:7F00:1 - - [30/Nov/2009:23:00:16 -0600] "GET /erl/monitor/add?node=test%40micahcopple.thw1.students.letnet.net HTTP/1.1" 200 124
0:0:0:0:0:FFFF:7F00:1 - - [30/Nov/2009:23:00:16 -0600] "GET /favicon.ico HTTP/1.1" 200 0
0:0:0:0:0:FFFF:7F00:1 - - [30/Nov/2009:23:00:19 -0600] "GET /erl/monitor/main HTTP/1.1" 200 395
0:0:0:0:0:FFFF:7F00:1 - - [30/Nov/2009:23:00:19 -0600] "GET /favicon.ico HTTP/1.1" 200 0
0:0:0:0:0:FFFF:7F00:1 - - [30/Nov/2009:23:00:23 -0600] "GET /erl/monitor/add?node=test%40micahcopple.thw1.students.letnet.net HTTP/1.1" 200 124
0:0:0:0:0:FFFF:7F00:1 - - [30/Nov/2009:23:00:23 -0600] "GET /favicon.ico HTTP/1.1" 200 0
0:0:0:0:0:FFFF:7F00:1 - - [30/Nov/2009:23:00:24 -0600] "GET /erl/monitor/main HTTP/1.1" 200 395
0:0:0:0:0:FFFF:7F00:1 - - [30/Nov/2009:23:00:24 -0600] "GET /favicon.ico HTTP/1.1" 200 0
0:0:0:0:0:FFFF:7F00:1 - - [30/Nov/2009:23:00:42 -0600] "GET /erl/monitor/add?node=test2%40micahcopple.thw1.students.letnet.net HTTP/1.1" 200 125
0:0:0:0:0:FFFF:7F00:1 - - [30/Nov/2009:23:00:42 -0600] "GET /favicon.ico HTTP/1.1" 200 0
0:0:0:0:0:FFFF:7F00:1 - - [30/Nov/2009:23:00:47 -0600] "GET /erl/monitor/main HTTP/1.1" 200 395
0:0:0:0:0:FFFF:7F00:1 - - [30/Nov/2009:23:00:47 -0600] "GET /favicon.ico HTTP/1.1" 200 0
0:0:0:0:0:FFFF:7F00:1 - - [03/Dec/2009:15:13:14 -0600] "GET /erl/monitor/main HTTP/1.1" 200 225
0:0:0:0:0:FFFF:7F00:1 - - [03/Dec/2009:15:13:14 -0600] "GET /favicon.ico HTTP/1.1" 200 0
0:0:0:0:0:FFFF:7F00:1 - - [03/Dec/2009:15:13:16 -0600] "GET /erl/monitor/details?nonode@nohost HTTP/1.1" 200 93
0:0:0:0:0:FFFF:7F00:1 - - [03/Dec/2009:15:13:16 -0600] "GET /favicon.ico HTTP/1.1" 200 0
0:0:0:0:0:FFFF:7F00:1 - - [03/Dec/2009:15:13:19 -0600] "GET /erl/monitor/main HTTP/1.1" 200 225
0:0:0:0:0:FFFF:7F00:1 - - [03/Dec/2009:15:13:19 -0600] "GET /favicon.ico HTTP/1.1" 200 0
0:0:0:0:0:FFFF:7F00:1 - - [03/Dec/2009:15:13:51 -0600] "GET /erl/monitor/main HTTP/1.1" 200 295
0:0:0:0:0:FFFF:7F00:1 - - [03/Dec/2009:15:13:51 -0600] "GET /favicon.ico HTTP/1.1" 200 0
0:0:0:0:0:FFFF:7F00:1 - - [03/Dec/2009:15:13:52 -0600] "GET /erl/monitor/details?micahcopple@micahcopple.thw1.students.letnet.net HTTP/1.1" 200 128
0:0:0:0:0:FFFF:7F00:1 - - [03/Dec/2009:15:13:52 -0600] "GET /favicon.ico HTTP/1.1" 200 0
0:0:0:0:0:FFFF:7F00:1 - - [03/Dec/2009:15:13:55 -0600] "GET /erl/monitor/main HTTP/1.1" 200 295
0:0:0:0:0:FFFF:7F00:1 - - [03/Dec/2009:15:13:55 -0600] "GET /favicon.ico HTTP/1.1" 200 0
0:0:0:0:0:FFFF:7F00:1 - - [03/Dec/2009:15:13:55 -0600] "GET /erl/monitor/details?micahcopple@micahcopple.thw1.students.letnet.net HTTP/1.1" 200 128
0:0:0:0:0:FFFF:7F00:1 - - [03/Dec/2009:15:13:55 -0600] "GET /favicon.ico HTTP/1.1" 200 0
0:0:0:0:0:FFFF:7F00:1 - - [03/Dec/2009:15:13:57 -0600] "GET /erl/monitor/main HTTP/1.1" 200 295
0:0:0:0:0:FFFF:7F00:1 - - [03/Dec/2009:15:13:57 -0600] "GET /favicon.ico HTTP/1.1" 200 0
0:0:0:0:0:FFFF:7F00:1 - - [03/Dec/2009:15:24:21 -0600] "GET /erl/monitor/main HTTP/1.1" 200 295
0:0:0:0:0:FFFF:7F00:1 - - [03/Dec/2009:15:24:21 -0600] "GET /favicon.ico HTTP/1.1" 200 0
0:0:0:0:0:FFFF:7F00:1 - - [03/Dec/2009:15:25:52 -0600] "GET /erl/monitor/main HTTP/1.1" 404 0
0:0:0:0:0:FFFF:7F00:1 - - [03/Dec/2009:15:25:52 -0600] "GET /favicon.ico HTTP/1.1" 200 0
0:0:0:0:0:FFFF:7F00:1 - - [03/Dec/2009:15:25:54 -0600] "GET /erl/monitor/main HTTP/1.1" 404 0
0:0:0:0:0:FFFF:7F00:1 - - [03/Dec/2009:15:25:54 -0600] "GET /favicon.ico HTTP/1.1" 200 0
0:0:0:0:0:FFFF:7F00:1 - - [03/Dec/2009:15:26:29 -0600] "GET /erl/monitor/main HTTP/1.1" 404 0
0:0:0:0:0:FFFF:7F00:1 - - [03/Dec/2009:15:26:29 -0600] "GET /favicon.ico HTTP/1.1" 200 0
0:0:0:0:0:FFFF:7F00:1 - - [03/Dec/2009:15:26:46 -0600] "GET /erl/monitor/main HTTP/1.1" 200 295
0:0:0:0:0:FFFF:7F00:1 - - [03/Dec/2009:15:26:46 -0600] "GET /favicon.ico HTTP/1.1" 200 0
0:0:0:0:0:FFFF:7F00:1 - - [03/Dec/2009:15:27:11 -0600] "GET /erl/monitor/main HTTP/1.1" 404 0
0:0:0:0:0:FFFF:7F00:1 - - [03/Dec/2009:15:27:11 -0600] "GET /favicon.ico HTTP/1.1" 200 0
0:0:0:0:0:FFFF:7F00:1 - - [03/Dec/2009:15:27:12 -0600] "GET /erl/monitor/main HTTP/1.1" 404 0
0:0:0:0:0:FFFF:7F00:1 - - [03/Dec/2009:15:27:12 -0600] "GET /favicon.ico HTTP/1.1" 200 0
0:0:0:0:0:FFFF:7F00:1 - - [03/Dec/2009:15:28:13 -0600] "GET /erl/monitor/main HTTP/1.1" 200 295
0:0:0:0:0:FFFF:7F00:1 - - [03/Dec/2009:15:28:13 -0600] "GET /favicon.ico HTTP/1.1" 200 0
0:0:0:0:0:FFFF:7F00:1 - - [03/Dec/2009:15:29:27 -0600] "GET /erl/monitor/main HTTP/1.1" 200 436
0:0:0:0:0:FFFF:7F00:1 - - [03/Dec/2009:15:29:27 -0600] "GET /favicon.ico HTTP/1.1" 200 0
0:0:0:0:0:FFFF:7F00:1 - - [03/Dec/2009:15:30:27 -0600] "GET /erl/monitor/main HTTP/1.1" 200 431
0:0:0:0:0:FFFF:7F00:1 - - [03/Dec/2009:15:30:27 -0600] "GET /favicon.ico HTTP/1.1" 200 0
0:0:0:0:0:FFFF:7F00:1 - - [03/Dec/2009:15:31:12 -0600] "GET /erl/monitor/details?micahcopple@micahcopple.thw1.students.letnet.net HTTP/1.1" 200 128
0:0:0:0:0:FFFF:7F00:1 - - [03/Dec/2009:15:31:12 -0600] "GET /favicon.ico HTTP/1.1" 200 0
0:0:0:0:0:FFFF:7F00:1 - - [03/Dec/2009:15:31:13 -0600] "GET /erl/monitor/main HTTP/1.1" 200 431
0:0:0:0:0:FFFF:7F00:1 - - [03/Dec/2009:15:31:13 -0600] "GET /favicon.ico HTTP/1.1" 200 0
